p9.syrene.it - - [24/Apr/1999:19:50:05 +0200] "GET / HTTP/1.1" 200 58
p7.syrene.it - - [24/Apr/1999:21:38:09 +0200] "GET / HTTP/1.1" 200 58
p2.syrene.it - - [25/Apr/1999:04:59:03 +0200] "GET / HTTP/1.1" 200 2015
p2.syrene.it - - [25/Apr/1999:04:59:49 +0200] "GET /nowar_it.html HTTP/1.1" 200 10733
p2.syrene.it - - [25/Apr/1999:04:59:59 +0200] "GET /nowar_en.html HTTP/1.1" 200 9788
proxy.netbusiness.it - - [25/Apr/1999:05:09:05 +0200] "GET / HTTP/1.0" 200 2015
proxy.netbusiness.it - - [25/Apr/1999:05:10:09 +0200] "GET /nowar_it.html HTTP/1.0" 200 10733
proxy.netbusiness.it - - [25/Apr/1999:05:10:18 +0200] "GET /nowar_en.html HTTP/1.0" 200 9788
proxy.netbusiness.it - - [25/Apr/1999:06:51:03 +0200] "GET / HTTP/1.0" 200 2015
ip89.dd.dada.it - - [25/Apr/1999:09:15:38 +0200] "GET / HTTP/1.0" 200 2015
ip89.dd.dada.it - - [25/Apr/1999:09:16:33 +0200] "GET /nowar_it.html HTTP/1.0" 200 10733
gruyoman.columbusnet.it - - [25/Apr/1999:11:32:05 +0200] "GET / HTTP/1.1" 200 2015
a-vr11-18.tin.it - - [25/Apr/1999:13:05:52 +0200] "GET / HTTP/1.1" 200 2015
a-vr11-18.tin.it - - [25/Apr/1999:13:05:58 +0200] "GET /nowar_it.html HTTP/1.1" 200 10733
a-vr11-18.tin.it - - [25/Apr/1999:13:06:08 +0200] "GET / HTTP/1.1" 304 -
151.15.157.252 - - [25/Apr/1999:13:09:01 +0200] "GET / HTTP/1.0" 200 2015
151.15.157.252 - - [25/Apr/1999:13:09:35 +0200] "GET /nowar_it.html HTTP/1.0" 200 10733
192.106.90.2 - - [25/Apr/1999:13:43:18 +0200] "GET / HTTP/1.0" 200 2015
192.106.90.2 - - [25/Apr/1999:13:43:46 +0200] "GET /nowar_en.html HTTP/1.0" 200 9788
ppp2-viesse.viesse.it - - [25/Apr/1999:14:12:08 +0200] "GET / HTTP/1.0" 200 2015
ppp2-viesse.viesse.it - - [25/Apr/1999:14:12:36 +0200] "GET /nowar_en.html HTTP/1.0" 200 9788
ppp2-viesse.viesse.it - - [25/Apr/1999:14:14:44 +0200] "GET /nowar_it.html HTTP/1.0" 200 10733
vp236-228.worldonline.nl - - [25/Apr/1999:14:22:03 +0200] "GET / HTTP/1.1" 200 2015
vp236-228.worldonline.nl - - [25/Apr/1999:14:22:22 +0200] "GET /nowar_en.html HTTP/1.1" 200 9788
a-mi73-44.tin.it - - [25/Apr/1999:14:50:56 +0200] "GET / HTTP/1.1" 200 2015
p3.syrene.it - - [25/Apr/1999:15:03:51 +0200] "GET / HTTP/1.1" 200 2015
p3.syrene.it - - [25/Apr/1999:15:04:18 +0200] "GET / HTTP/1.1" 304 -
p3.syrene.it - - [25/Apr/1999:15:05:00 +0200] "GET / HTTP/1.1" 200 3710
p3.syrene.it - - [25/Apr/1999:15:05:18 +0200] "GET /nowar_en.html HTTP/1.1" 200 9788
www-cache.unina.it - - [25/Apr/1999:15:05:43 +0200] "GET / HTTP/1.0" 200 3710
www-cache.unina.it - - [25/Apr/1999:15:06:07 +0200] "GET /nowar_it.html HTTP/1.0" 200 10733
p3.syrene.it - - [25/Apr/1999:15:08:23 +0200] "GET /nowar_en.html HTTP/1.1" 200 9796
p3.syrene.it - - [25/Apr/1999:15:08:49 +0200] "GET /nowar_it.html HTTP/1.1" 200 10733
proxy.netbusiness.it - - [25/Apr/1999:15:34:49 +0200] "GET / HTTP/1.0" 200 3710
proxy.netbusiness.it - - [25/Apr/1999:15:35:59 +0200] "GET /nowar_en.html HTTP/1.0" 200 9796
a-bg13-8.tin.it - - [25/Apr/1999:16:00:02 +0200] "GET / HTTP/1.1" 200 3710
a-bg13-8.tin.it - - [25/Apr/1999:16:00:54 +0200] "GET /nowar_it.html HTTP/1.1" 200 10733
193.51.198.231 - - [25/Apr/1999:16:11:23 +0200] "GET / HTTP/1.0" 200 3710
193.51.198.231 - - [25/Apr/1999:16:11:53 +0200] "GET /nowar_it.html HTTP/1.0" 200 10733
i33.sassuolo.pianeta.it - - [25/Apr/1999:16:19:06 +0200] "GET / HTTP/1.0" 200 3710
i33.sassuolo.pianeta.it - - [25/Apr/1999:16:20:19 +0200] "GET /nowar_it.html HTTP/1.0" 200 10733
a-ba7-47.tin.it - - [25/Apr/1999:16:57:46 +0200] "GET / HTTP/1.1" 200 3710
151.99.150.251 - - [25/Apr/1999:16:59:47 +0200] "GET / HTTP/1.1" 200 3710
a-bg11-34.tin.it - - [25/Apr/1999:17:48:29 +0200] "GET / HTTP/1.1" 200 3710
a-bg11-34.tin.it - - [25/Apr/1999:17:49:15 +0200] "GET /nowar_it.html HTTP/1.1" 200 10733
s35.trev.energy.it - - [25/Apr/1999:17:52:26 +0200] "GET / HTTP/1.1" 200 3710
s35.trev.energy.it - - [25/Apr/1999:17:52:39 +0200] "GET /nowar_it.html HTTP/1.1" 200 10733
a-bg8-16.tin.it - - [25/Apr/1999:17:58:22 +0200] "GET / HTTP/1.1" 200 3710
a-bg8-16.tin.it - - [25/Apr/1999:17:58:33 +0200] "GET / HTTP/1.1" 304 -
a-bg8-16.tin.it - - [25/Apr/1999:17:59:37 +0200] "GET /nowar_it.html HTTP/1.1" 200 10733
p2.syrene.it - - [25/Apr/1999:18:18:05 +0200] "GET / HTTP/1.1" 200 563
p2.syrene.it - - [25/Apr/1999:18:18:07 +0200] "GET /menu.html HTTP/1.1" 200 907
p2.syrene.it - - [25/Apr/1999:18:18:07 +0200] "GET /riga.html HTTP/1.1" 200 154
p2.syrene.it - - [25/Apr/1999:18:18:08 +0200] "GET /home.html HTTP/1.1" 200 3704
p2.syrene.it - - [25/Apr/1999:18:18:23 +0200] "GET /nowar_yu.html HTTP/1.1" 200 12212
p2.syrene.it - - [25/Apr/1999:18:19:04 +0200] "GET / HTTP/1.1" 304 -
p2.syrene.it - - [25/Apr/1999:18:19:05 +0200] "GET /menu.html HTTP/1.1" 200 921
p2.syrene.it - - [25/Apr/1999:18:19:07 +0200] "GET /riga.html HTTP/1.1" 304 -
p2.syrene.it - - [25/Apr/1999:18:19:07 +0200] "GET /home.html HTTP/1.1" 304 -
p2.syrene.it - - [25/Apr/1999:18:19:09 +0200] "GET /nowar_yu.html HTTP/1.1" 304 -
p2.syrene.it - - [25/Apr/1999:18:20:50 +0200] "GET /nowar_yu.html HTTP/1.1" 200 11543
p2.syrene.it - - [25/Apr/1999:18:21:59 +0200] "GET / HTTP/1.1" 304 -
p2.syrene.it - - [25/Apr/1999:18:22:00 +0200] "GET /menu.html HTTP/1.1" 304 -
p2.syrene.it - - [25/Apr/1999:18:22:01 +0200] "GET /riga.html HTTP/1.1" 304 -
p2.syrene.it - - [25/Apr/1999:18:22:01 +0200] "GET /nowar_yu.html HTTP/1.1" 200 11457
p2.syrene.it - - [25/Apr/1999:18:22:28 +0200] "GET /24499.html HTTP/1.1" 200 5567
ppp1.general.it - - [25/Apr/1999:18:26:49 +0200] "GET / HTTP/1.0" 200 563
ppp1.general.it - - [25/Apr/1999:18:26:54 +0200] "GET /riga.html HTTP/1.0" 200 154
ppp1.general.it - - [25/Apr/1999:18:26:54 +0200] "GET /home.html HTTP/1.0" 200 3704
ppp1.general.it - - [25/Apr/1999:18:26:59 +0200] "GET /menu.html HTTP/1.0" 200 921
ppp1.general.it - - [25/Apr/1999:18:28:08 +0200] "GET / HTTP/1.0" 304 -
ppp1.general.it - - [25/Apr/1999:18:28:17 +0200] "GET /riga.html HTTP/1.0" 304 -
ppp1.general.it - - [25/Apr/1999:18:28:19 +0200] "GET /menu.html HTTP/1.0" 200 921
ppp1.general.it - - [25/Apr/1999:18:28:21 +0200] "GET /home.html HTTP/1.0" 304 -
ppp1.general.it - - [25/Apr/1999:18:28:24 +0200] "GET /home.html HTTP/1.0" 206 1029
ppp1.general.it - - [25/Apr/1999:18:29:09 +0200] "GET /24499.html HTTP/1.0" 200 5567
ppp1.general.it - - [25/Apr/1999:18:31:43 +0200] "GET /nowar_it.html HTTP/1.0" 200 10733
ppp1.general.it - - [25/Apr/1999:18:32:54 +0200] "GET /nowar_it.html HTTP/1.0" 304 -
ppp1.general.it - - [25/Apr/1999:18:32:58 +0200] "GET /nowar_it.html HTTP/1.0" 206 5424
umbertide-1-18.umbria.net - - [25/Apr/1999:18:39:08 +0200] "GET / HTTP/1.0" 200 563
umbertide-1-18.umbria.net - - [25/Apr/1999:18:39:13 +0200] "GET /home.html HTTP/1.0" 200 3704
umbertide-1-18.umbria.net - - [25/Apr/1999:18:39:13 +0200] "GET /menu.html HTTP/1.0" 200 921
umbertide-1-18.umbria.net - - [25/Apr/1999:18:39:13 +0200] "GET /riga.html HTTP/1.0" 200 154
umbertide-1-18.umbria.net - - [25/Apr/1999:18:39:41 +0200] "GET /24499.html HTTP/1.0" 200 5567
a-bg7-103.tin.it - - [25/Apr/1999:19:39:11 +0200] "GET / HTTP/1.1" 200 563
a-bg7-103.tin.it - - [25/Apr/1999:19:39:12 +0200] "GET /menu.html HTTP/1.1" 200 925
a-bg7-103.tin.it - - [25/Apr/1999:19:39:12 +0200] "GET /riga.html HTTP/1.1" 200 154
a-bg7-103.tin.it - - [25/Apr/1999:19:39:12 +0200] "GET /home.html HTTP/1.1" 200 3704
a-bg7-103.tin.it - - [25/Apr/1999:19:39:19 +0200] "GET /nowar_yu.html HTTP/1.1" 200 11457
a-bg7-103.tin.it - - [25/Apr/1999:19:39:40 +0200] "GET /24499.html HTTP/1.1" 200 5567
a-bg7-103.tin.it - - [25/Apr/1999:19:40:25 +0200] "GET /nowar_it.html HTTP/1.1" 200 10733
a-bg7-103.tin.it - - [25/Apr/1999:19:43:20 +0200] "GET / HTTP/1.1" 304 -
a-bg7-103.tin.it - - [25/Apr/1999:19:43:20 +0200] "GET /menu.html HTTP/1.1" 304 -
a-bg7-103.tin.it - - [25/Apr/1999:19:43:20 +0200] "GET /riga.html HTTP/1.1" 304 -
a-bg7-103.tin.it - - [25/Apr/1999:19:43:21 +0200] "GET /home.html HTTP/1.1" 304 -
a-bg7-103.tin.it - - [25/Apr/1999:19:43:49 +0200] "GET / HTTP/1.1" 304 -
a-bg7-103.tin.it - - [25/Apr/1999:19:43:49 +0200] "GET /menu.html HTTP/1.1" 304 -
a-bg7-103.tin.it - - [25/Apr/1999:19:43:49 +0200] "GET /riga.html HTTP/1.1" 304 -
a-bg7-103.tin.it - - [25/Apr/1999:19:43:49 +0200] "GET /home.html HTTP/1.1" 304 -
p5.syrene.it - - [25/Apr/1999:19:55:56 +0200] "GET / HTTP/1.1" 200 563
p5.syrene.it - - [25/Apr/1999:19:55:57 +0200] "GET /menu.html HTTP/1.1" 200 925
p5.syrene.it - - [25/Apr/1999:19:55:59 +0200] "GET /riga.html HTTP/1.1" 200 154
p5.syrene.it - - [25/Apr/1999:19:56:00 +0200] "GET /home.html HTTP/1.1" 200 3704
p3.syrene.it - - [25/Apr/1999:20:09:29 +0200] "GET / HTTP/1.1" 200 563
p3.syrene.it - - [25/Apr/1999:20:09:30 +0200] "GET /menu.html HTTP/1.1" 200 925
p3.syrene.it - - [25/Apr/1999:20:09:31 +0200] "GET /riga.html HTTP/1.1" 200 154
p3.syrene.it - - [25/Apr/1999:20:09:32 +0200] "GET /home.html HTTP/1.1" 200 3704
a-an6-38.tin.it - - [25/Apr/1999:20:14:19 +0200] "GET / HTTP/1.1" 200 563
a-an6-38.tin.it - - [25/Apr/1999:20:14:19 +0200] "GET /menu.html HTTP/1.1" 200 925
a-an6-38.tin.it - - [25/Apr/1999:20:14:20 +0200] "GET /home.html HTTP/1.1" 200 3704
a-an6-38.tin.it - - [25/Apr/1999:20:14:20 +0200] "GET /riga.html HTTP/1.1" 200 154
a-an6-38.tin.it - - [25/Apr/1999:20:19:51 +0200] "GET /24499.html HTTP/1.1" 200 5567
a-an6-38.tin.it - - [25/Apr/1999:20:19:54 +0200] "GET /24499.html HTTP/1.1" 200 5567
a-an6-38.tin.it - - [25/Apr/1999:20:19:56 +0200] "GET /24499.html HTTP/1.1" 200 5567
a-an6-38.tin.it - - [25/Apr/1999:20:24:13 +0200] "GET /nowar_it.html HTTP/1.1" 200 11002
p5.syrene.it - - [25/Apr/1999:20:29:53 +0200] "GET / HTTP/1.1" 200 563
p5.syrene.it - - [25/Apr/1999:20:29:55 +0200] "GET /menu.html HTTP/1.1" 200 1137
p5.syrene.it - - [25/Apr/1999:20:29:56 +0200] "GET /riga.html HTTP/1.1" 200 154
p5.syrene.it - - [25/Apr/1999:20:29:56 +0200] "GET /home.html HTTP/1.1" 200 3704
p5.syrene.it - - [25/Apr/1999:20:32:25 +0200] "GET /nowar_yu.html HTTP/1.1" 200 11457
p5.syrene.it - - [25/Apr/1999:20:32:59 +0200] "GET /24499.html HTTP/1.1" 200 5567
p3.syrene.it - - [25/Apr/1999:20:33:10 +0200] "GET / HTTP/1.1" 200 563
p3.syrene.it - - [25/Apr/1999:20:33:11 +0200] "GET /menu.html HTTP/1.1" 200 1137
p3.syrene.it - - [25/Apr/1999:20:33:12 +0200] "GET /riga.html HTTP/1.1" 200 154
p3.syrene.it - - [25/Apr/1999:20:33:13 +0200] "GET /home.html HTTP/1.1" 200 3704
net130-106.mclink.it - - [25/Apr/1999:20:33:56 +0200] "GET / HTTP/1.1" 200 563
net130-106.mclink.it - - [25/Apr/1999:20:33:57 +0200] "GET /menu.html HTTP/1.1" 200 1137
net130-106.mclink.it - - [25/Apr/1999:20:33:57 +0200] "GET /riga.html HTTP/1.1" 200 154
net130-106.mclink.it - - [25/Apr/1999:20:33:58 +0200] "GET /home.html HTTP/1.1" 200 3704
ppp-como52-72-189.iol.it - - [25/Apr/1999:20:38:51 +0200] "GET / HTTP/1.0" 200 563
ib2-214.alp.net - - [25/Apr/1999:20:39:07 +0200] "GET / HTTP/1.0" 200 563
ib2-214.alp.net - - [25/Apr/1999:20:39:08 +0200] "GET /menu.html HTTP/1.0" 200 1137
ib2-214.alp.net - - [25/Apr/1999:20:39:08 +0200] "GET /riga.html HTTP/1.0" 200 154
ib2-214.alp.net - - [25/Apr/1999:20:39:08 +0200] "GET /home.html HTTP/1.0" 200 3704
vp236-228.worldonline.nl - - [25/Apr/1999:20:41:59 +0200] "GET / HTTP/1.1" 200 563
vp236-228.worldonline.nl - - [25/Apr/1999:20:42:01 +0200] "GET /menu.html HTTP/1.1" 200 1137
vp236-228.worldonline.nl - - [25/Apr/1999:20:42:02 +0200] "GET /riga.html HTTP/1.1" 200 154
vp236-228.worldonline.nl - - [25/Apr/1999:20:42:03 +0200] "GET /home.html HTTP/1.1" 200 3704
p5.syrene.it - - [25/Apr/1999:20:42:19 +0200] "GET / HTTP/1.1" 304 -
p5.syrene.it - - [25/Apr/1999:20:42:22 +0200] "GET /menu.html HTTP/1.1" 200 1137
vp236-228.worldonline.nl - - [25/Apr/1999:20:42:23 +0200] "GET /nowar_en.html HTTP/1.1" 200 10119
p5.syrene.it - - [25/Apr/1999:20:42:26 +0200] "GET /riga.html HTTP/1.1" 304 -
p5.syrene.it - - [25/Apr/1999:20:42:26 +0200] "GET /home.html HTTP/1.1" 304 -
p5.syrene.it - - [25/Apr/1999:20:53:12 +0200] "GET / HTTP/1.1" 304 -
p5.syrene.it - - [25/Apr/1999:20:53:13 +0200] "GET /menu.html HTTP/1.1" 304 -
p5.syrene.it - - [25/Apr/1999:20:53:15 +0200] "GET /riga.html HTTP/1.1" 304 -
p5.syrene.it - - [25/Apr/1999:20:53:15 +0200] "GET /home.html HTTP/1.1" 200 4704
p5.syrene.it - - [25/Apr/1999:20:53:36 +0200] "GET /24499.html HTTP/1.1" 304 -
total20.mediacom.it - - [25/Apr/1999:21:28:04 +0200] "GET / HTTP/1.1" 200 563
total20.mediacom.it - - [25/Apr/1999:21:28:04 +0200] "GET /menu.html HTTP/1.1" 200 1137
total20.mediacom.it - - [25/Apr/1999:21:28:04 +0200] "GET /riga.html HTTP/1.1" 200 154
total20.mediacom.it - - [25/Apr/1999:21:28:05 +0200] "GET /home.html HTTP/1.1" 200 4704
total20.mediacom.it - - [25/Apr/1999:21:29:25 +0200] "GET /24499.html HTTP/1.1" 200 5567
total20.mediacom.it - - [25/Apr/1999:21:29:26 +0200] "GET /24499.html HTTP/1.1" 200 5567
a-an5-30.tin.it - - [25/Apr/1999:21:31:31 +0200] "GET / HTTP/1.1" 200 563
a-an5-30.tin.it - - [25/Apr/1999:21:31:31 +0200] "GET /menu.html HTTP/1.1" 200 1137
a-an5-30.tin.it - - [25/Apr/1999:21:31:32 +0200] "GET /riga.html HTTP/1.1" 200 154
a-an5-30.tin.it - - [25/Apr/1999:21:31:32 +0200] "GET /home.html HTTP/1.1" 200 4704
a-an5-30.tin.it - - [25/Apr/1999:21:32:06 +0200] "GET /nowar_it.html HTTP/1.1" 200 11002
151.13.71.65 - - [25/Apr/1999:21:32:10 +0200] "GET / HTTP/1.0" 200 563
151.13.71.65 - - [25/Apr/1999:21:32:55 +0200] "GET /menu.html HTTP/1.0" 200 1137
151.13.71.65 - - [25/Apr/1999:21:32:55 +0200] "GET /riga.html HTTP/1.0" 200 154
151.13.71.65 - - [25/Apr/1999:21:32:55 +0200] "GET /home.html HTTP/1.0" 200 4704
total20.mediacom.it - - [25/Apr/1999:21:34:12 +0200] "GET /name_it.txt HTTP/1.1" 200 2951
total20.mediacom.it - - [25/Apr/1999:21:34:13 +0200] "GET /name_it.txt HTTP/1.1" 200 2951
151.13.71.65 - - [25/Apr/1999:21:34:29 +0200] "GET /nowar_it.html HTTP/1.0" 200 11002
popm-24.shineline.it - - [25/Apr/1999:21:45:15 +0200] "GET / HTTP/1.1" 200 563
popm-24.shineline.it - - [25/Apr/1999:21:45:15 +0200] "GET /menu.html HTTP/1.1" 200 1137
popm-24.shineline.it - - [25/Apr/1999:21:45:16 +0200] "GET /riga.html HTTP/1.1" 200 154
popm-24.shineline.it - - [25/Apr/1999:21:45:16 +0200] "GET /home.html HTTP/1.1" 200 4704
popm-24.shineline.it - - [25/Apr/1999:21:45:55 +0200] "GET /nowar_it.html HTTP/1.1" 200 11002
popm-24.shineline.it - - [25/Apr/1999:21:47:26 +0200] "GET /name_it.txt HTTP/1.1" 200 2951
popm-24.shineline.it - - [25/Apr/1999:21:53:51 +0200] "GET /24499.html HTTP/1.1" 200 5567
212.123.86.126 - - [25/Apr/1999:22:28:31 +0200] "GET / HTTP/1.1" 200 563
212.123.86.126 - - [25/Apr/1999:22:28:32 +0200] "GET /menu.html HTTP/1.1" 200 1137
212.123.86.126 - - [25/Apr/1999:22:28:33 +0200] "GET /riga.html HTTP/1.1" 200 154
212.123.86.126 - - [25/Apr/1999:22:28:36 +0200] "GET /home.html HTTP/1.1" 200 4704
212.123.86.126 - - [25/Apr/1999:22:28:40 +0200] "GET /nowar_it.html HTTP/1.1" 200 11002
212.123.86.126 - - [25/Apr/1999:22:29:09 +0200] "GET /home.html HTTP/1.1" 206 355
ip251.dd.dada.it - - [25/Apr/1999:22:55:38 +0200] "GET / HTTP/1.0" 200 563
ip251.dd.dada.it - - [25/Apr/1999:22:55:44 +0200] "GET /menu.html HTTP/1.0" 200 1137
ip251.dd.dada.it - - [25/Apr/1999:22:55:45 +0200] "GET /riga.html HTTP/1.0" 200 154
ip251.dd.dada.it - - [25/Apr/1999:22:55:48 +0200] "GET /home.html HTTP/1.0" 200 4704
ip251.dd.dada.it - - [25/Apr/1999:22:56:39 +0200] "GET /24499.html HTTP/1.0" 200 5567
ip251.dd.dada.it - - [25/Apr/1999:22:57:51 +0200] "GET /name_it.txt HTTP/1.0" 200 2951
p3.syrene.it - - [25/Apr/1999:22:59:51 +0200] "GET / HTTP/1.1" 304 -
p3.syrene.it - - [25/Apr/1999:22:59:56 +0200] "GET /menu.html HTTP/1.1" 200 1137
p3.syrene.it - - [25/Apr/1999:23:00:00 +0200] "GET /riga.html HTTP/1.1" 304 -
p3.syrene.it - - [25/Apr/1999:23:00:04 +0200] "GET /home.html HTTP/1.1" 200 4704
p3.syrene.it - - [25/Apr/1999:23:01:43 +0200] "GET / HTTP/1.1" 304 -
p3.syrene.it - - [25/Apr/1999:23:01:55 +0200] "GET / HTTP/1.1" 304 -
p3.syrene.it - - [25/Apr/1999:23:01:56 +0200] "GET /menu.html HTTP/1.1" 304 -
p3.syrene.it - - [25/Apr/1999:23:01:57 +0200] "GET /riga.html HTTP/1.1" 304 -
p3.syrene.it - - [25/Apr/1999:23:01:57 +0200] "GET /home.html HTTP/1.1" 200 4704
p3.syrene.it - - [25/Apr/1999:23:02:23 +0200] "GET /nowar_it.html HTTP/1.1" 200 11002
p3.syrene.it - - [25/Apr/1999:23:02:28 +0200] "GET /nowar_it.html HTTP/1.1" 200 11002
p3.syrene.it - - [25/Apr/1999:23:02:31 +0200] "GET /nowar_it.html HTTP/1.1" 200 11002
p3.syrene.it - - [25/Apr/1999:23:04:16 +0200] "GET /nowar_en.html HTTP/1.1" 200 10119
p3.syrene.it - - [25/Apr/1999:23:04:43 +0200] "GET /24499.html HTTP/1.1" 200 5567
p3.syrene.it - - [25/Apr/1999:23:04:55 +0200] "GET /24499.html HTTP/1.1" 200 5567
p3.syrene.it - - [25/Apr/1999:23:06:16 +0200] "GET /nowar_yu.html HTTP/1.1" 200 11457
p3.syrene.it - - [25/Apr/1999:23:06:39 +0200] "GET /nowar_yu.html HTTP/1.1" 200 11457
p3.syrene.it - - [25/Apr/1999:23:07:40 +0200] "GET /nowar_yu.html HTTP/1.1" 200 11457
p3.syrene.it - - [25/Apr/1999:23:09:58 +0200] "GET / HTTP/1.1" 304 -
p3.syrene.it - - [25/Apr/1999:23:09:59 +0200] "GET /menu.html HTTP/1.1" 304 -
p3.syrene.it - - [25/Apr/1999:23:10:00 +0200] "GET /riga.html HTTP/1.1" 304 -
p3.syrene.it - - [25/Apr/1999:23:10:00 +0200] "GET /home.html HTTP/1.1" 304 -
p3.syrene.it - - [25/Apr/1999:23:10:03 +0200] "GET /24499.html HTTP/1.1" 304 -
212.216.172.91 - - [25/Apr/1999:23:15:53 +0200] "GET / HTTP/1.0" 200 563
212.216.172.91 - - [25/Apr/1999:23:15:54 +0200] "GET /menu.html HTTP/1.0" 200 1137
212.216.172.91 - - [25/Apr/1999:23:15:55 +0200] "GET /riga.html HTTP/1.0" 200 154
212.216.172.91 - - [25/Apr/1999:23:15:55 +0200] "GET /home.html HTTP/1.0" 200 4704
a-ca9-3.tin.it - - [25/Apr/1999:23:16:03 +0200] "GET / HTTP/1.1" 200 563
a-ca9-3.tin.it - - [25/Apr/1999:23:16:04 +0200] "GET /menu.html HTTP/1.1" 200 1137
a-ca9-3.tin.it - - [25/Apr/1999:23:16:04 +0200] "GET /riga.html HTTP/1.1" 200 154
a-ca9-3.tin.it - - [25/Apr/1999:23:16:04 +0200] "GET /home.html HTTP/1.1" 200 4704
a-ca9-3.tin.it - - [25/Apr/1999:23:16:28 +0200] "GET /nowar_it.html HTTP/1.1" 200 11002
a-ca9-3.tin.it - - [25/Apr/1999:23:17:03 +0200] "GET /nowar_yu.html HTTP/1.1" 200 11457
a-ca9-3.tin.it - - [25/Apr/1999:23:17:13 +0200] "GET /24499.html HTTP/1.1" 200 5567
a-ca9-3.tin.it - - [25/Apr/1999:23:17:21 +0200] "GET /name_it.txt HTTP/1.1" 200 2951
a-na23-25.tin.it - - [25/Apr/1999:23:46:21 +0200] "GET / HTTP/1.1" 200 563
a-na23-25.tin.it - - [25/Apr/1999:23:46:22 +0200] "GET /riga.html HTTP/1.1" 200 154
a-na23-25.tin.it - - [25/Apr/1999:23:46:23 +0200] "GET /menu.html HTTP/1.1" 200 1137
a-na23-25.tin.it - - [25/Apr/1999:23:46:23 +0200] "GET /home.html HTTP/1.1" 200 4704
a-na23-25.tin.it - - [25/Apr/1999:23:47:00 +0200] "GET /nowar_it.html HTTP/1.1" 200 11002
a-na23-25.tin.it - - [25/Apr/1999:23:48:11 +0200] "GET /nowar_en.html HTTP/1.1" 200 10119
p7.syrene.it - - [25/Apr/1999:23:48:24 +0200] "GET /name_it.txt HTTP/1.1" 200 2951
p7.syrene.it - - [25/Apr/1999:23:48:26 +0200] "GET /name_it.txt HTTP/1.1" 200 2951
a-na23-25.tin.it - - [25/Apr/1999:23:48:27 +0200] "GET /nowar_yu.html HTTP/1.1" 200 11457
a-na23-25.tin.it - - [25/Apr/1999:23:48:37 +0200] "GET /name_it.txt HTTP/1.1" 200 2951
194.185.153.36 - - [26/Apr/1999:00:27:18 +0200] "GET / HTTP/1.0" 200 563
194.185.153.36 - - [26/Apr/1999:00:27:19 +0200] "GET /menu.html HTTP/1.0" 200 1137
194.185.153.36 - - [26/Apr/1999:00:27:19 +0200] "GET /riga.html HTTP/1.0" 200 154
194.185.153.36 - - [26/Apr/1999:00:27:19 +0200] "GET /home.html HTTP/1.0" 200 4704
194.185.153.36 - - [26/Apr/1999:00:27:42 +0200] "GET /nowar_it.html HTTP/1.0" 200 11002
cache1.mi2.albacom.net - - [26/Apr/1999:00:41:19 +0200] "GET / HTTP/1.0" 200 563
cache1.mi2.albacom.net - - [26/Apr/1999:00:41:36 +0200] "GET /riga.html HTTP/1.0" 200 154
cache1.mi2.albacom.net - - [26/Apr/1999:00:41:36 +0200] "GET /home.html HTTP/1.0" 200 4704
cache1.mi2.albacom.net - - [26/Apr/1999:00:41:41 +0200] "GET /menu.html HTTP/1.0" 200 1137
cache1.mi2.albacom.net - - [26/Apr/1999:00:42:09 +0200] "GET /nowar_it.html HTTP/1.0" 200 11002
cache1.mi2.albacom.net - - [26/Apr/1999:00:57:34 +0200] "GET /24499.html HTTP/1.0" 200 5567
cache1.mi2.albacom.net - - [26/Apr/1999:00:58:02 +0200] "GET /nowar_en.html HTTP/1.0" 200 10119
proxy.netbusiness.it - - [26/Apr/1999:00:58:40 +0200] "GET / HTTP/1.0" 200 563
proxy.netbusiness.it - - [26/Apr/1999:00:58:42 +0200] "GET /menu.html HTTP/1.0" 200 1137
proxy.netbusiness.it - - [26/Apr/1999:00:58:43 +0200] "GET /riga.html HTTP/1.0" 200 154
proxy.netbusiness.it - - [26/Apr/1999:00:58:44 +0200] "GET /home.html HTTP/1.0" 200 4704
proxy.netbusiness.it - - [26/Apr/1999:00:59:20 +0200] "GET /nowar_it.html HTTP/1.0" 200 11002
proxy.netbusiness.it - - [26/Apr/1999:00:59:46 +0200] "GET /nowar_en.html HTTP/1.0" 200 10119
proxy.netbusiness.it - - [26/Apr/1999:00:59:58 +0200] "GET /nowar_yu.html HTTP/1.0" 200 11457
proxy.netbusiness.it - - [26/Apr/1999:01:00:11 +0200] "GET /24499.html HTTP/1.0" 200 5567
cache1.mi2.albacom.net - - [26/Apr/1999:01:00:19 +0200] "GET /nowar_yu.html HTTP/1.0" 200 11457
proxy.netbusiness.it - - [26/Apr/1999:01:00:32 +0200] "GET /name_it.txt HTTP/1.0" 200 2951
cache1.mi2.albacom.net - - [26/Apr/1999:01:01:57 +0200] "GET /name_it.txt HTTP/1.0" 200 2951
bottesinio.nexus.it - - [26/Apr/1999:02:09:22 +0200] "GET / HTTP/1.0" 200 563
bottesinio.nexus.it - - [26/Apr/1999:02:09:25 +0200] "GET /menu.html HTTP/1.0" 200 1137
bottesinio.nexus.it - - [26/Apr/1999:02:09:25 +0200] "GET /riga.html HTTP/1.0" 200 154
bottesinio.nexus.it - - [26/Apr/1999:02:09:25 +0200] "GET /home.html HTTP/1.0" 200 4704
bottesinio.nexus.it - - [26/Apr/1999:02:09:59 +0200] "GET /nowar_it.html HTTP/1.0" 200 11002
bottesinio.nexus.it - - [26/Apr/1999:02:10:08 +0200] "GET /24499.html HTTP/1.0" 200 5567
195.24.73.186 - - [26/Apr/1999:03:34:31 +0200] "GET /nowar_it.html HTTP/1.1" 200 11002
netcachesyd1.ozemail.com.au - - [26/Apr/1999:04:53:33 +0200] "GET / HTTP/1.0" 200 563
netcachesyd1.ozemail.com.au - - [26/Apr/1999:04:53:38 +0200] "GET /menu.html HTTP/1.0" 200 1137
netcachesyd1.ozemail.com.au - - [26/Apr/1999:04:53:39 +0200] "GET /riga.html HTTP/1.0" 200 154
netcachesyd1.ozemail.com.au - - [26/Apr/1999:04:53:43 +0200] "GET /home.html HTTP/1.0" 200 4704
netcachesyd1.ozemail.com.au - - [26/Apr/1999:04:54:07 +0200] "GET /nowar_it.html HTTP/1.0" 200 11002
a-bg12-51.tin.it - - [26/Apr/1999:05:34:04 +0200] "GET / HTTP/1.1" 200 563
a-bg12-51.tin.it - - [26/Apr/1999:05:34:08 +0200] "GET /riga.html HTTP/1.1" 200 154
a-bg12-51.tin.it - - [26/Apr/1999:05:34:08 +0200] "GET /menu.html HTTP/1.1" 200 1137
a-bg12-51.tin.it - - [26/Apr/1999:05:34:09 +0200] "GET /home.html HTTP/1.1" 200 4704
a-bg12-51.tin.it - - [26/Apr/1999:05:48:38 +0200] "GET /nowar_it.html HTTP/1.1" 200 11002
a-bg12-51.tin.it - - [26/Apr/1999:05:53:02 +0200] "GET /24499.html HTTP/1.1" 200 5567
a-bg12-51.tin.it - - [26/Apr/1999:05:57:51 +0200] "GET /name_it.txt HTTP/1.1" 200 2951
a-bg12-51.tin.it - - [26/Apr/1999:05:59:23 +0200] "GET /nowar_yu.html HTTP/1.1" 200 11457
a-bg8-41.tin.it - - [26/Apr/1999:06:14:05 +0200] "GET / HTTP/1.1" 200 563
a-bg8-41.tin.it - - [26/Apr/1999:06:14:06 +0200] "GET /menu.html HTTP/1.1" 200 1137
a-bg8-41.tin.it - - [26/Apr/1999:06:14:07 +0200] "GET /riga.html HTTP/1.1" 200 154
a-bg8-41.tin.it - - [26/Apr/1999:06:14:07 +0200] "GET /home.html HTTP/1.1" 200 4704
193.70.44.5 - - [26/Apr/1999:07:07:20 +0200] "GET / HTTP/1.0" 200 563
193.70.44.5 - - [26/Apr/1999:07:07:21 +0200] "GET /menu.html HTTP/1.0" 200 1137
193.70.44.5 - - [26/Apr/1999:07:07:21 +0200] "GET /riga.html HTTP/1.0" 200 154
193.70.44.5 - - [26/Apr/1999:07:07:21 +0200] "GET /home.html HTTP/1.0" 200 4704
193.70.44.5 - - [26/Apr/1999:07:07:30 +0200] "GET /nowar_it.html HTTP/1.0" 200 11002
212.210.89.18 - - [26/Apr/1999:08:32:48 +0200] "GET /. HTTP/1.0" 200 563
212.210.89.18 - - [26/Apr/1999:08:32:49 +0200] "GET /menu.html HTTP/1.0" 200 1137
212.210.89.18 - - [26/Apr/1999:08:32:49 +0200] "GET /riga.html HTTP/1.0" 200 154
212.210.89.18 - - [26/Apr/1999:08:32:49 +0200] "GET /home.html HTTP/1.0" 200 4704
212.210.89.18 - - [26/Apr/1999:08:33:15 +0200] "GET /nowar_it.html HTTP/1.0" 200 11002
pool144.rsadvnet.it - - [26/Apr/1999:08:37:46 +0200] "GET / HTTP/1.1" 200 563
pool144.rsadvnet.it - - [26/Apr/1999:08:37:47 +0200] "GET /menu.html HTTP/1.1" 200 1137
pool144.rsadvnet.it - - [26/Apr/1999:08:37:47 +0200] "GET /riga.html HTTP/1.1" 200 154
pool144.rsadvnet.it - - [26/Apr/1999:08:37:47 +0200] "GET /home.html HTTP/1.1" 200 4704
pool144.rsadvnet.it - - [26/Apr/1999:08:41:35 +0200] "GET /nowar_it.html HTTP/1.1" 200 11002
pool144.rsadvnet.it - - [26/Apr/1999:08:41:52 +0200] "GET /24499.html HTTP/1.1" 200 5567
a-bg12-58.tin.it - - [26/Apr/1999:08:52:56 +0200] "GET / HTTP/1.1" 200 563
a-bg12-58.tin.it - - [26/Apr/1999:08:52:57 +0200] "GET /menu.html HTTP/1.1" 200 1137
a-bg12-58.tin.it - - [26/Apr/1999:08:52:57 +0200] "GET /home.html HTTP/1.1" 200 4704
a-bg12-58.tin.it - - [26/Apr/1999:08:52:57 +0200] "GET /riga.html HTTP/1.1" 200 154
a-bg12-58.tin.it - - [26/Apr/1999:08:53:07 +0200] "GET /24499.html HTTP/1.1" 200 5567
a-bg12-58.tin.it - - [26/Apr/1999:08:53:16 +0200] "GET /name_it.txt HTTP/1.1" 200 2951
a-bg12-58.tin.it - - [26/Apr/1999:08:55:18 +0200] "GET /nowar_it.html HTTP/1.1" 200 11002
fe-d-02.4net.it - - [26/Apr/1999:09:00:38 +0200] "GET / HTTP/1.0" 200 563
fe-d-02.4net.it - - [26/Apr/1999:09:00:39 +0200] "GET /menu.html HTTP/1.0" 200 1137
fe-d-02.4net.it - - [26/Apr/1999:09:00:39 +0200] "GET /riga.html HTTP/1.0" 200 154
fe-d-02.4net.it - - [26/Apr/1999:09:00:39 +0200] "GET /home.html HTTP/1.0" 200 4704
fe-d-02.4net.it - - [26/Apr/1999:09:01:33 +0200] "GET /nowar_yu.html HTTP/1.0" 200 11457
a-bg4-19.tin.it - - [26/Apr/1999:09:09:54 +0200] "GET / HTTP/1.1" 200 563
a-bg4-19.tin.it - - [26/Apr/1999:09:09:55 +0200] "GET /menu.html HTTP/1.1" 200 1137
a-bg4-19.tin.it - - [26/Apr/1999:09:09:55 +0200] "GET /riga.html HTTP/1.1" 200 154
a-bg4-19.tin.it - - [26/Apr/1999:09:09:55 +0200] "GET /home.html HTTP/1.1" 200 4704
gste28.stavanger.geco-prakla.slb.com - - [26/Apr/1999:09:12:14 +0200] "GET / HTTP/1.0" 200 563
gste28.stavanger.geco-prakla.slb.com - - [26/Apr/1999:09:12:39 +0200] "GET /menu.html HTTP/1.0" 200 1137
gste28.stavanger.geco-prakla.slb.com - - [26/Apr/1999:09:12:39 +0200] "GET /riga.html HTTP/1.0" 200 154
gste28.stavanger.geco-prakla.slb.com - - [26/Apr/1999:09:12:39 +0200] "GET /home.html HTTP/1.0" 200 4704
gste28.stavanger.geco-prakla.slb.com - - [26/Apr/1999:09:14:01 +0200] "GET /nowar_en.html HTTP/1.0" 200 10119
fe-d-12.4net.it - - [26/Apr/1999:09:18:57 +0200] "GET / HTTP/1.1" 200 563
fe-d-12.4net.it - - [26/Apr/1999:09:18:59 +0200] "GET /menu.html HTTP/1.1" 200 1137
fe-d-12.4net.it - - [26/Apr/1999:09:19:01 +0200] "GET /home.html HTTP/1.1" 200 4704
fe-d-12.4net.it - - [26/Apr/1999:09:19:02 +0200] "GET /riga.html HTTP/1.1" 200 154
fe-d-12.4net.it - - [26/Apr/1999:09:19:10 +0200] "GET / HTTP/1.1" 200 563
fe-d-12.4net.it - - [26/Apr/1999:09:19:13 +0200] "GET /menu.html HTTP/1.1" 200 1137
fe-d-12.4net.it - - [26/Apr/1999:09:19:15 +0200] "GET /riga.html HTTP/1.1" 200 154
fe-d-12.4net.it - - [26/Apr/1999:09:19:15 +0200] "GET /home.html HTTP/1.1" 200 4704
fe-d-12.4net.it - - [26/Apr/1999:09:19:59 +0200] "GET /favicon.ico HTTP/1.1" 302 203
fe-d-12.4net.it - - [26/Apr/1999:09:20:18 +0200] "GET /favicon.ico HTTP/1.1" 302 203
rub124.bo00.cn.interbusiness.it - - [26/Apr/1999:09:28:36 +0200] "GET / HTTP/1.1" 200 563
rub124.bo00.cn.interbusiness.it - - [26/Apr/1999:09:28:36 +0200] "GET /menu.html HTTP/1.1" 200 1137
rub124.bo00.cn.interbusiness.it - - [26/Apr/1999:09:28:36 +0200] "GET /riga.html HTTP/1.1" 200 154
rub124.bo00.cn.interbusiness.it - - [26/Apr/1999:09:28:37 +0200] "GET /home.html HTTP/1.1" 200 4704
rub124.bo00.cn.interbusiness.it - - [26/Apr/1999:09:28:58 +0200] "GET /nowar_it.html HTTP/1.1" 200 11002
ppp3.mediasat.it - - [26/Apr/1999:09:32:35 +0200] "GET /home.html HTTP/1.1" 304 -
apollo.glamm.com - - [26/Apr/1999:09:43:41 +0200] "GET / HTTP/1.0" 200 563
apollo.glamm.com - - [26/Apr/1999:09:43:52 +0200] "GET /menu.html HTTP/1.0" 200 1137
apollo.glamm.com - - [26/Apr/1999:09:43:52 +0200] "GET /home.html HTTP/1.0" 200 4704
apollo.glamm.com - - [26/Apr/1999:09:43:52 +0200] "GET /riga.html HTTP/1.0" 200 154
apollo.glamm.com - - [26/Apr/1999:09:45:07 +0200] "GET /nowar_it.html HTTP/1.0" 200 11002
apollo.glamm.com - - [26/Apr/1999:09:47:06 +0200] "GET /nowar_en.html HTTP/1.0" 200 10119
dll2b212-47.splitrock.net - - [26/Apr/1999:09:49:25 +0200] "GET / HTTP/1.0" 200 563
dll2b212-47.splitrock.net - - [26/Apr/1999:09:49:44 +0200] "GET /menu.html HTTP/1.0" 200 1137
dll2b212-47.splitrock.net - - [26/Apr/1999:09:49:44 +0200] "GET /riga.html HTTP/1.0" 200 154
dll2b212-47.splitrock.net - - [26/Apr/1999:09:49:44 +0200] "GET /home.html HTTP/1.0" 200 4704
dll2b212-47.splitrock.net - - [26/Apr/1999:09:52:01 +0200] "GET /nowar_en.html HTTP/1.0" 200 10119
corso.scienze.uniss.it - - [26/Apr/1999:10:01:54 +0200] "GET / HTTP/1.1" 200 563
corso.scienze.uniss.it - - [26/Apr/1999:10:02:21 +0200] "GET /menu.html HTTP/1.1" 200 1137
corso.scienze.uniss.it - - [26/Apr/1999:10:02:23 +0200] "GET /riga.html HTTP/1.1" 200 154
corso.scienze.uniss.it - - [26/Apr/1999:10:02:28 +0200] "GET /home.html HTTP/1.1" 200 4704
corso.scienze.uniss.it - - [26/Apr/1999:10:03:07 +0200] "GET /nowar_it.html HTTP/1.1" 200 11002
proxy02-rm.flashnet.it - - [26/Apr/1999:10:04:14 +0200] "GET / HTTP/1.0" 200 563
proxy02-rm.flashnet.it - - [26/Apr/1999:10:04:21 +0200] "GET /menu.html HTTP/1.0" 200 1137
proxy02-rm.flashnet.it - - [26/Apr/1999:10:04:28 +0200] "GET /riga.html HTTP/1.0" 200 154
proxy02-rm.flashnet.it - - [26/Apr/1999:10:04:29 +0200] "GET /home.html HTTP/1.0" 200 4704
gruyoman.columbusnet.it - - [26/Apr/1999:10:06:12 +0200] "GET / HTTP/1.1" 200 563
gruyoman.columbusnet.it - - [26/Apr/1999:10:06:12 +0200] "GET /menu.html HTTP/1.1" 200 1137
gruyoman.columbusnet.it - - [26/Apr/1999:10:06:12 +0200] "GET /riga.html HTTP/1.1" 200 154
gruyoman.columbusnet.it - - [26/Apr/1999:10:06:12 +0200] "GET /home.html HTTP/1.1" 200 4704
gruyoman.columbusnet.it - - [26/Apr/1999:10:06:25 +0200] "GET /24499.html HTTP/1.1" 200 5567
gruyoman.columbusnet.it - - [26/Apr/1999:10:06:28 +0200] "GET /name_it.txt HTTP/1.1" 200 2951
proxy02-rm.flashnet.it - - [26/Apr/1999:10:16:30 +0200] "GET /nowar_it.html HTTP/1.0" 200 11002
fe-d-04.4net.it - - [26/Apr/1999:10:30:14 +0200] "GET / HTTP/1.1" 200 563
fe-d-04.4net.it - - [26/Apr/1999:10:30:15 +0200] "GET /menu.html HTTP/1.1" 200 1137
fe-d-04.4net.it - - [26/Apr/1999:10:30:15 +0200] "GET /riga.html HTTP/1.1" 200 154
fe-d-04.4net.it - - [26/Apr/1999:10:30:15 +0200] "GET /home.html HTTP/1.1" 200 4704
fe-d-04.4net.it - - [26/Apr/1999:10:31:00 +0200] "GET /nowar_it.html HTTP/1.1" 200 11002
fe-d-04.4net.it - - [26/Apr/1999:10:33:46 +0200] "GET /nowar_en.html HTTP/1.1" 200 10119
fe-d-04.4net.it - - [26/Apr/1999:10:34:31 +0200] "GET / HTTP/1.1" 304 -
fe-d-04.4net.it - - [26/Apr/1999:10:34:32 +0200] "GET /menu.html HTTP/1.1" 304 -
fe-d-04.4net.it - - [26/Apr/1999:10:34:32 +0200] "GET /riga.html HTTP/1.1" 304 -
fe-d-04.4net.it - - [26/Apr/1999:10:34:32 +0200] "GET /home.html HTTP/1.1" 304 -
fe-d-04.4net.it - - [26/Apr/1999:10:34:52 +0200] "GET /24.499 HTTP/1.1" 302 203
fe-d-04.4net.it - - [26/Apr/1999:10:37:17 +0200] "GET / HTTP/1.1" 304 -
fe-d-04.4net.it - - [26/Apr/1999:10:37:20 +0200] "GET /24499.html HTTP/1.1" 200 5567
a-pn6-12.tin.it - - [26/Apr/1999:10:38:12 +0200] "GET / HTTP/1.1" 200 563
a-pn6-12.tin.it - - [26/Apr/1999:10:38:13 +0200] "GET /menu.html HTTP/1.1" 200 1137
a-pn6-12.tin.it - - [26/Apr/1999:10:38:13 +0200] "GET /riga.html HTTP/1.1" 200 154
a-pn6-12.tin.it - - [26/Apr/1999:10:38:13 +0200] "GET /home.html HTTP/1.1" 200 4704
fe-d-04.4net.it - - [26/Apr/1999:10:42:04 +0200] "GET /nowar_it.html HTTP/1.1" 304 -
fe-d-12.4net.it - - [26/Apr/1999:10:58:28 +0200] "GET / HTTP/1.1" 304 -
fe-d-12.4net.it - - [26/Apr/1999:10:58:28 +0200] "GET /menu.html HTTP/1.1" 304 -
fe-d-12.4net.it - - [26/Apr/1999:10:58:28 +0200] "GET /riga.html HTTP/1.1" 304 -
fe-d-12.4net.it - - [26/Apr/1999:10:58:28 +0200] "GET /home.html HTTP/1.1" 304 -
fe-d-12.4net.it - - [26/Apr/1999:10:58:31 +0200] "GET /24499.html HTTP/1.1" 200 7032
fe-d-12.4net.it - - [26/Apr/1999:10:58:33 +0200] "GET /pix/prima01.jpg HTTP/1.1" 200 16241
fe-d-12.4net.it - - [26/Apr/1999:10:58:33 +0200] "GET /pix/quasi01.jpg HTTP/1.1" 200 17421
fe-d-12.4net.it - - [26/Apr/1999:10:58:41 +0200] "GET /pix/davanti01.jpg HTTP/1.1" 200 19200
fe-d-12.4net.it - - [26/Apr/1999:10:58:44 +0200] "GET /pix/destra001.jpg HTTP/1.1" 200 16115
fe-d-12.4net.it - - [26/Apr/1999:10:58:48 +0200] "GET /pix/ragazza01.jpg HTTP/1.1" 200 15631
fe-d-12.4net.it - - [26/Apr/1999:10:58:54 +0200] "GET /pix/rai01.jpg HTTP/1.1" 200 16792
fe-d-12.4net.it - - [26/Apr/1999:11:04:55 +0200] "GET /pix/destra.html HTTP/1.1" 302 203
cache1.mi2.albacom.net - - [26/Apr/1999:11:07:45 +0200] "GET /nowar_it.html HTTP/1.0" 200 11002
cache1.mi2.albacom.net - - [26/Apr/1999:11:07:55 +0200] "GET / HTTP/1.0" 200 563
cache1.mi2.albacom.net - - [26/Apr/1999:11:08:03 +0200] "GET /menu.html HTTP/1.0" 200 1137
cache1.mi2.albacom.net - - [26/Apr/1999:11:08:04 +0200] "GET /riga.html HTTP/1.0" 200 154
cache1.mi2.albacom.net - - [26/Apr/1999:11:08:05 +0200] "GET /home.html HTTP/1.0" 200 4704
fe-d-12.4net.it - - [26/Apr/1999:11:09:43 +0200] "GET /pix/destra.html HTTP/1.1" 200 241
fe-d-12.4net.it - - [26/Apr/1999:11:09:48 +0200] "GET /pix/destra02.jpg HTTP/1.1" 200 57014
cache1.mi2.albacom.net - - [26/Apr/1999:11:10:13 +0200] "GET /24499.html HTTP/1.0" 200 7032
fe-d-12.4net.it - - [26/Apr/1999:11:10:15 +0200] "GET /pix/prima.html HTTP/1.1" 200 240
cache1.mi2.albacom.net - - [26/Apr/1999:11:10:21 +0200] "GET /pix/davanti01.jpg HTTP/1.0" 200 19200
cache1.mi2.albacom.net - - [26/Apr/1999:11:10:21 +0200] "GET /pix/quasi01.jpg HTTP/1.0" 200 17421
cache1.mi2.albacom.net - - [26/Apr/1999:11:10:21 +0200] "GET /pix/prima01.jpg HTTP/1.0" 200 16241
cache1.mi2.albacom.net - - [26/Apr/1999:11:10:22 +0200] "GET /pix/destra001.jpg HTTP/1.0" 200 16115
fe-d-12.4net.it - - [26/Apr/1999:11:10:25 +0200] "GET /pix/prima02.jpg HTTP/1.1" 200 69864
cache1.mi2.albacom.net - - [26/Apr/1999:11:10:38 +0200] "GET /pix/rai01.jpg HTTP/1.0" 200 16792
cache1.mi2.albacom.net - - [26/Apr/1999:11:10:38 +0200] "GET /pix/ragazza01.jpg HTTP/1.0" 200 15631
fe-d-12.4net.it - - [26/Apr/1999:11:10:53 +0200] "GET /pix/ragazza.html HTTP/1.1" 200 242
fe-d-12.4net.it - - [26/Apr/1999:11:11:03 +0200] "GET /pix/ragazza02.jpg HTTP/1.1" 200 76485
cache1.mi2.albacom.net - - [26/Apr/1999:11:11:23 +0200] "GET /name_it.txt HTTP/1.0" 200 2951
fe-d-12.4net.it - - [26/Apr/1999:11:11:26 +0200] "GET /pix/rai.html HTTP/1.1" 200 238
fe-d-12.4net.it - - [26/Apr/1999:11:11:37 +0200] "GET /pix/rai02.jpg HTTP/1.1" 200 75736
fe-d-12.4net.it - - [26/Apr/1999:11:14:40 +0200] "GET /pix/davanti.html HTTP/1.1" 200 242
fe-d-12.4net.it - - [26/Apr/1999:11:14:50 +0200] "GET /pix/davanti02.jpg HTTP/1.1" 200 63190
fe-d-12.4net.it - - [26/Apr/1999:11:15:01 +0200] "GET / HTTP/1.1" 304 -
fe-d-12.4net.it - - [26/Apr/1999:11:15:01 +0200] "GET /menu.html HTTP/1.1" 304 -
fe-d-12.4net.it - - [26/Apr/1999:11:15:01 +0200] "GET /menu.html HTTP/1.1" 304 -
fe-d-12.4net.it - - [26/Apr/1999:11:15:02 +0200] "GET /home.html HTTP/1.1" 304 -
fe-d-12.4net.it - - [26/Apr/1999:11:15:02 +0200] "GET /riga.html HTTP/1.1" 304 -
fe-d-12.4net.it - - [26/Apr/1999:11:15:31 +0200] "GET /24499.html HTTP/1.1" 200 7032
fe-d-12.4net.it - - [26/Apr/1999:11:15:33 +0200] "GET /pix/prima01.jpg HTTP/1.1" 200 16241
fe-d-12.4net.it - - [26/Apr/1999:11:15:33 +0200] "GET /pix/quasi01.jpg HTTP/1.1" 200 17421
fe-d-12.4net.it - - [26/Apr/1999:11:15:39 +0200] "GET /pix/davanti01.jpg HTTP/1.1" 200 19200
fe-d-12.4net.it - - [26/Apr/1999:11:15:44 +0200] "GET /pix/destra001.jpg HTTP/1.1" 200 16115
fe-d-12.4net.it - - [26/Apr/1999:11:15:48 +0200] "GET /pix/ragazza01.jpg HTTP/1.1" 200 15631
fe-d-12.4net.it - - [26/Apr/1999:11:15:54 +0200] "GET /pix/rai01.jpg HTTP/1.1" 200 16792
cache1.mi2.albacom.net - - [26/Apr/1999:11:17:31 +0200] "GET /menu.html HTTP/1.0" 200 1137
cache1.mi2.albacom.net - - [26/Apr/1999:11:17:38 +0200] "GET /robots.txt HTTP/1.0" 302 191
cache1.mi2.albacom.net - - [26/Apr/1999:11:17:59 +0200] "GET /nowar_en.html HTTP/1.0" 200 10119
cache1.mi2.albacom.net - - [26/Apr/1999:11:18:00 +0200] "GET /nowar_yu.html HTTP/1.0" 200 11457
cache1.mi2.albacom.net - - [26/Apr/1999:11:18:01 +0200] "GET /24499.html HTTP/1.0" 200 7032
cache1.mi2.albacom.net - - [26/Apr/1999:11:18:22 +0200] "GET /pix/prima.html HTTP/1.0" 200 240
cache1.mi2.albacom.net - - [26/Apr/1999:11:18:25 +0200] "GET /pix/quasi.html HTTP/1.0" 200 240
cache1.mi2.albacom.net - - [26/Apr/1999:11:18:49 +0200] "GET /pix/prima02.jpg HTTP/1.0" 200 69864
cache1.mi2.albacom.net - - [26/Apr/1999:11:18:54 +0200] "GET /pix/davanti.html HTTP/1.0" 200 242
cache1.mi2.albacom.net - - [26/Apr/1999:11:18:55 +0200] "GET /pix/quasi02.jpg HTTP/1.0" 200 48100
cache1.mi2.albacom.net - - [26/Apr/1999:11:18:55 +0200] "GET /pix/ragazza.html HTTP/1.0" 200 242
cache1.mi2.albacom.net - - [26/Apr/1999:11:18:55 +0200] "GET /pix/rai.html HTTP/1.0" 200 238
cache1.mi2.albacom.net - - [26/Apr/1999:11:19:04 +0200] "GET /pix/destra.html HTTP/1.0" 200 241
cache1.mi2.albacom.net - - [26/Apr/1999:11:19:15 +0200] "GET /pix/ragazza02.jpg HTTP/1.0" 200 76485
cache1.mi2.albacom.net - - [26/Apr/1999:11:19:20 +0200] "GET /pix/davanti02.jpg HTTP/1.0" 200 63190
cache1.mi2.albacom.net - - [26/Apr/1999:11:19:35 +0200] "GET /pix/destra02.jpg HTTP/1.0" 200 57014
cache1.mi2.albacom.net - - [26/Apr/1999:11:19:38 +0200] "GET /pix/rai02.jpg HTTP/1.0" 200 75736
sp22.sp2.cineca.it - - [26/Apr/1999:11:35:13 +0200] "GET / HTTP/1.0" 200 563
sp22.sp2.cineca.it - - [26/Apr/1999:11:35:36 +0200] "GET /menu.html HTTP/1.0" 200 1137
sp22.sp2.cineca.it - - [26/Apr/1999:11:35:38 +0200] "GET /riga.html HTTP/1.0" 200 154
sp22.sp2.cineca.it - - [26/Apr/1999:11:35:43 +0200] "GET /home.html HTTP/1.0" 200 4704
dial-109.argosid.it - - [26/Apr/1999:11:38:59 +0200] "GET / HTTP/1.1" 200 563
dial-109.argosid.it - - [26/Apr/1999:11:39:07 +0200] "GET / HTTP/1.1" 200 563
dial-109.argosid.it - - [26/Apr/1999:11:39:15 +0200] "GET / HTTP/1.1" 200 563
dial-109.argosid.it - - [26/Apr/1999:11:39:18 +0200] "GET /menu.html HTTP/1.1" 200 1137
dial-109.argosid.it - - [26/Apr/1999:11:39:21 +0200] "GET /riga.html HTTP/1.1" 200 154
dial-109.argosid.it - - [26/Apr/1999:11:39:22 +0200] "GET /home.html HTTP/1.1" 200 4704
dial-109.argosid.it - - [26/Apr/1999:11:39:45 +0200] "GET /24499.html HTTP/1.1" 200 7032
dial-109.argosid.it - - [26/Apr/1999:11:39:53 +0200] "GET /pix/prima01.jpg HTTP/1.1" 200 16241
dial-109.argosid.it - - [26/Apr/1999:11:40:03 +0200] "GET /pix/quasi01.jpg HTTP/1.1" 200 17421
dial-109.argosid.it - - [26/Apr/1999:11:40:49 +0200] "GET /pix/davanti01.jpg HTTP/1.1" 200 19200
dial-109.argosid.it - - [26/Apr/1999:11:40:59 +0200] "GET /pix/ragazza01.jpg HTTP/1.1" 200 15631
dial-109.argosid.it - - [26/Apr/1999:11:41:23 +0200] "GET /pix/destra001.jpg HTTP/1.1" 200 16115
dial-109.argosid.it - - [26/Apr/1999:11:41:40 +0200] "GET /pix/rai01.jpg HTTP/1.1" 200 16792
dial-109.argosid.it - - [26/Apr/1999:11:42:40 +0200] "GET /nowar_it.html HTTP/1.1" 200 11002
cache1.mi2.albacom.net - - [26/Apr/1999:11:43:12 +0200] "GET /robots.txt HTTP/1.0" 302 191
cache1.mi2.albacom.net - - [26/Apr/1999:11:44:12 +0200] "GET /name_it.txt HTTP/1.0" 200 2951
cache1.mi2.albacom.net - - [26/Apr/1999:11:44:13 +0200] "GET / HTTP/1.0" 200 563
cache1.mi2.albacom.net - - [26/Apr/1999:11:44:15 +0200] "GET /menu.html HTTP/1.0" 200 1137
cache1.mi2.albacom.net - - [26/Apr/1999:11:44:18 +0200] "GET /home.html HTTP/1.0" 200 4704
cache1.mi2.albacom.net - - [26/Apr/1999:11:44:19 +0200] "GET /nowar_it.html HTTP/1.0" 200 11002
cache1.mi2.albacom.net - - [26/Apr/1999:11:44:19 +0200] "GET /riga.html HTTP/1.0" 200 154
cache1.mi2.albacom.net - - [26/Apr/1999:11:44:21 +0200] "GET /nowar_en.html HTTP/1.0" 200 10119
cache1.mi2.albacom.net - - [26/Apr/1999:11:44:23 +0200] "GET /24499.html HTTP/1.0" 200 7032
cache1.mi2.albacom.net - - [26/Apr/1999:11:44:24 +0200] "GET /pix/prima.html HTTP/1.0" 200 240
cache1.mi2.albacom.net - - [26/Apr/1999:11:44:26 +0200] "GET /pix/quasi.html HTTP/1.0" 200 240
cache1.mi2.albacom.net - - [26/Apr/1999:11:44:27 +0200] "GET /pix/davanti.html HTTP/1.0" 200 242
cache1.mi2.albacom.net - - [26/Apr/1999:11:44:27 +0200] "GET /pix/destra.html HTTP/1.0" 200 241
cache1.mi2.albacom.net - - [26/Apr/1999:11:44:31 +0200] "GET /pix/ragazza.html HTTP/1.0" 200 242
cache1.mi2.albacom.net - - [26/Apr/1999:11:44:34 +0200] "GET /pix/rai.html HTTP/1.0" 200 238
cache1.mi2.albacom.net - - [26/Apr/1999:11:44:49 +0200] "GET /nowar_yu.html HTTP/1.0" 200 11457
sp22.sp2.cineca.it - - [26/Apr/1999:11:46:27 +0200] "GET /nowar_it.html HTTP/1.0" 200 11002
sp22.sp2.cineca.it - - [26/Apr/1999:12:48:35 +0200] "GET /nowar_it.html HTTP/1.0" 200 11002
sp22.sp2.cineca.it - - [26/Apr/1999:12:48:46 +0200] "GET /nowar_en.html HTTP/1.0" 200 10119
195.223.91.133 - - [26/Apr/1999:12:49:20 +0200] "GET / HTTP/1.0" 200 563
195.223.91.133 - - [26/Apr/1999:12:49:24 +0200] "GET /menu.html HTTP/1.0" 200 1137
195.223.91.133 - - [26/Apr/1999:12:49:24 +0200] "GET /riga.html HTTP/1.0" 200 154
195.223.91.133 - - [26/Apr/1999:12:49:24 +0200] "GET /home.html HTTP/1.0" 200 4704
195.223.91.133 - - [26/Apr/1999:12:50:02 +0200] "GET /nowar_it.html HTTP/1.0" 200 11002
sp22.sp2.cineca.it - - [26/Apr/1999:12:51:04 +0200] "GET /nowar_it.html HTTP/1.0" 206 8691
195.223.91.133 - - [26/Apr/1999:12:52:30 +0200] "GET /24499.html HTTP/1.0" 200 7032
195.223.91.133 - - [26/Apr/1999:12:52:33 +0200] "GET /pix/prima01.jpg HTTP/1.0" 200 16241
195.223.91.133 - - [26/Apr/1999:12:52:36 +0200] "GET /pix/quasi01.jpg HTTP/1.0" 200 17421
195.223.91.133 - - [26/Apr/1999:12:52:40 +0200] "GET /pix/destra001.jpg HTTP/1.0" 200 16115
195.223.91.133 - - [26/Apr/1999:12:52:43 +0200] "GET /pix/ragazza01.jpg HTTP/1.0" 200 15631
sp22.sp2.cineca.it - - [26/Apr/1999:12:52:45 +0200] "GET /nowar_it.html HTTP/1.0" 206 7945
195.223.91.133 - - [26/Apr/1999:12:52:46 +0200] "GET /pix/rai01.jpg HTTP/1.0" 200 16792
195.223.91.133 - - [26/Apr/1999:12:52:49 +0200] "GET /pix/davanti01.jpg HTTP/1.0" 200 19200
sp22.sp2.cineca.it - - [26/Apr/1999:12:53:02 +0200] "GET / HTTP/1.0" 304 -
sp22.sp2.cineca.it - - [26/Apr/1999:12:53:03 +0200] "GET /nowar_en.html HTTP/1.0" 200 10119
sp22.sp2.cineca.it - - [26/Apr/1999:12:53:27 +0200] "GET /nowar_en.html HTTP/1.0" 200 10119
sp22.sp2.cineca.it - - [26/Apr/1999:12:53:29 +0200] "GET /nowar_it.html HTTP/1.0" 206 8179
sp22.sp2.cineca.it - - [26/Apr/1999:12:53:30 +0200] "GET /nowar_en.html HTTP/1.0" 200 10119
sp22.sp2.cineca.it - - [26/Apr/1999:12:53:47 +0200] "GET /24499.html HTTP/1.0" 200 7032
sp22.sp2.cineca.it - - [26/Apr/1999:12:53:54 +0200] "GET /24499.html HTTP/1.0" 200 7032
sp22.sp2.cineca.it - - [26/Apr/1999:12:54:02 +0200] "GET /name_it.txt HTTP/1.0" 200 2951
sp22.sp2.cineca.it - - [26/Apr/1999:12:54:11 +0200] "GET /nowar_it.html HTTP/1.0" 206 8179
195.223.91.133 - - [26/Apr/1999:12:54:43 +0200] "GET /name_it.txt HTTP/1.0" 200 2951
sp22.sp2.cineca.it - - [26/Apr/1999:12:54:44 +0200] "GET /pix/prima01.jpg HTTP/1.0" 200 16241
sp22.sp2.cineca.it - - [26/Apr/1999:12:55:46 +0200] "GET /pix/quasi01.jpg HTTP/1.0" 200 17421
sp22.sp2.cineca.it - - [26/Apr/1999:12:55:48 +0200] "GET /pix/davanti01.jpg HTTP/1.0" 200 19200
fe-d-19.4net.it - - [26/Apr/1999:13:39:16 +0200] "GET / HTTP/1.1" 304 -
fe-d-19.4net.it - - [26/Apr/1999:13:39:17 +0200] "GET /menu.html HTTP/1.1" 304 -
fe-d-19.4net.it - - [26/Apr/1999:13:39:17 +0200] "GET /riga.html HTTP/1.1" 304 -
fe-d-19.4net.it - - [26/Apr/1999:13:39:17 +0200] "GET /home.html HTTP/1.1" 304 -
fe-d-19.4net.it - - [26/Apr/1999:13:41:21 +0200] "GET /name_it.txt HTTP/1.1" 200 2951
proxy.formula.it - - [26/Apr/1999:13:54:05 +0200] "GET / HTTP/1.1" 200 563
proxy.formula.it - - [26/Apr/1999:13:54:05 +0200] "GET /menu.html HTTP/1.1" 200 1137
proxy.formula.it - - [26/Apr/1999:13:54:06 +0200] "GET /riga.html HTTP/1.1" 200 154
proxy.formula.it - - [26/Apr/1999:13:54:06 +0200] "GET /home.html HTTP/1.1" 200 4704
proxy.formula.it - - [26/Apr/1999:13:54:49 +0200] "GET /nowar_yu.html HTTP/1.1" 200 11457
proxy.formula.it - - [26/Apr/1999:14:03:38 +0200] "GET /24499.html HTTP/1.1" 200 7032
proxy.formula.it - - [26/Apr/1999:14:03:42 +0200] "GET /pix/prima01.jpg HTTP/1.1" 200 16241
proxy.formula.it - - [26/Apr/1999:14:03:42 +0200] "GET /pix/quasi01.jpg HTTP/1.1" 200 17421
proxy.formula.it - - [26/Apr/1999:14:03:48 +0200] "GET /pix/davanti01.jpg HTTP/1.1" 200 19200
proxy.formula.it - - [26/Apr/1999:14:03:49 +0200] "GET /pix/destra001.jpg HTTP/1.1" 200 16115
proxy.formula.it - - [26/Apr/1999:14:03:56 +0200] "GET /pix/ragazza01.jpg HTTP/1.1" 200 15631
proxy.formula.it - - [26/Apr/1999:14:03:57 +0200] "GET /pix/rai01.jpg HTTP/1.1" 200 16792
proxy.formula.it - - [26/Apr/1999:14:07:20 +0200] "GET /pix/prima.html HTTP/1.1" 200 240
proxy.formula.it - - [26/Apr/1999:14:07:31 +0200] "GET /pix/prima02.jpg HTTP/1.1" 200 69864
fe-d-19.4net.it - - [26/Apr/1999:14:14:30 +0200] "GET /nowar_yu.html HTTP/1.1" 200 11457
4net1.4net.it - - [26/Apr/1999:15:02:21 +0200] "GET / HTTP/1.0" 200 563
4net1.4net.it - - [26/Apr/1999:15:02:21 +0200] "GET /riga.html HTTP/1.0" 200 154
4net1.4net.it - - [26/Apr/1999:15:02:21 +0200] "GET /menu.html HTTP/1.0" 200 1137
4net1.4net.it - - [26/Apr/1999:15:02:21 +0200] "GET /home.html HTTP/1.0" 200 4704
4net1.4net.it - - [26/Apr/1999:15:04:39 +0200] "GET /nowar_it.html HTTP/1.0" 200 11002
4net1.4net.it - - [26/Apr/1999:15:04:58 +0200] "GET /24499.html HTTP/1.0" 200 7032
4net1.4net.it - - [26/Apr/1999:15:04:58 +0200] "GET /pix/prima01.jpg HTTP/1.0" 200 16241
4net1.4net.it - - [26/Apr/1999:15:04:59 +0200] "GET /pix/destra001.jpg HTTP/1.0" 200 16115
4net1.4net.it - - [26/Apr/1999:15:04:59 +0200] "GET /pix/davanti01.jpg HTTP/1.0" 200 19200
4net1.4net.it - - [26/Apr/1999:15:04:59 +0200] "GET /pix/quasi01.jpg HTTP/1.0" 200 17421
4net1.4net.it - - [26/Apr/1999:15:04:59 +0200] "GET /pix/ragazza01.jpg HTTP/1.0" 200 15631
4net1.4net.it - - [26/Apr/1999:15:04:59 +0200] "GET /pix/rai01.jpg HTTP/1.0" 200 16792
a-mn7-30.tin.it - - [26/Apr/1999:15:06:18 +0200] "GET / HTTP/1.0" 200 563
a-mn7-30.tin.it - - [26/Apr/1999:15:06:23 +0200] "GET /menu.html HTTP/1.0" 200 1137
a-mn7-30.tin.it - - [26/Apr/1999:15:06:24 +0200] "GET /riga.html HTTP/1.0" 200 154
a-mn7-30.tin.it - - [26/Apr/1999:15:06:24 +0200] "GET /home.html HTTP/1.0" 200 4704
a-mn7-30.tin.it - - [26/Apr/1999:15:06:57 +0200] "GET /nowar_it.html HTTP/1.0" 200 11002
drogo.cselt.it - - [26/Apr/1999:15:24:05 +0200] "GET / HTTP/1.0" 200 563
drogo.cselt.it - - [26/Apr/1999:15:24:06 +0200] "GET /menu.html HTTP/1.0" 200 1137
drogo.cselt.it - - [26/Apr/1999:15:24:09 +0200] "GET /home.html HTTP/1.0" 200 4704
drogo.cselt.it - - [26/Apr/1999:15:24:16 +0200] "GET /riga.html HTTP/1.0" 200 154
drogo.cselt.it - - [26/Apr/1999:15:24:29 +0200] "GET /nowar_it.html HTTP/1.0" 200 11002
ts0001.tesoro.it - - [26/Apr/1999:15:54:26 +0200] "GET / HTTP/1.0" 200 563
ts0001.tesoro.it - - [26/Apr/1999:15:54:26 +0200] "GET /menu.html HTTP/1.0" 200 1137
ts0001.tesoro.it - - [26/Apr/1999:15:54:26 +0200] "GET /riga.html HTTP/1.0" 200 154
ts0001.tesoro.it - - [26/Apr/1999:15:54:26 +0200] "GET /home.html HTTP/1.0" 200 4704
ts0001.tesoro.it - - [26/Apr/1999:15:54:53 +0200] "GET /nowar_it.html HTTP/1.0" 200 11002
ape52.cnuce.cnr.it - - [26/Apr/1999:15:59:39 +0200] "GET / HTTP/1.0" 200 563
ape52.cnuce.cnr.it - - [26/Apr/1999:16:00:08 +0200] "GET /menu.html HTTP/1.0" 200 1137
ape52.cnuce.cnr.it - - [26/Apr/1999:16:00:09 +0200] "GET /home.html HTTP/1.0" 200 4704
ape52.cnuce.cnr.it - - [26/Apr/1999:16:00:09 +0200] "GET /riga.html HTTP/1.0" 200 154
195.120.251.108 - - [26/Apr/1999:16:02:31 +0200] "GET / HTTP/1.1" 200 563
195.120.251.108 - - [26/Apr/1999:16:02:32 +0200] "GET /menu.html HTTP/1.1" 200 1137
195.120.251.108 - - [26/Apr/1999:16:02:32 +0200] "GET /riga.html HTTP/1.1" 200 154
195.120.251.108 - - [26/Apr/1999:16:02:33 +0200] "GET /home.html HTTP/1.1" 200 4704
195.120.251.108 - - [26/Apr/1999:16:03:18 +0200] "GET /nowar_it.html HTTP/1.1" 200 11002
195.120.251.108 - - [26/Apr/1999:16:04:17 +0200] "GET /24499.html HTTP/1.1" 200 7032
195.120.251.108 - - [26/Apr/1999:16:04:19 +0200] "GET /pix/quasi01.jpg HTTP/1.1" 200 17421
195.120.251.108 - - [26/Apr/1999:16:04:19 +0200] "GET /pix/prima01.jpg HTTP/1.1" 200 16241
195.120.251.108 - - [26/Apr/1999:16:04:25 +0200] "GET /pix/davanti01.jpg HTTP/1.1" 200 19200
195.120.251.108 - - [26/Apr/1999:16:04:26 +0200] "GET /pix/destra001.jpg HTTP/1.1" 200 16115
195.120.251.108 - - [26/Apr/1999:16:04:32 +0200] "GET /pix/ragazza01.jpg HTTP/1.1" 200 15631
195.120.251.108 - - [26/Apr/1999:16:04:33 +0200] "GET /pix/rai01.jpg HTTP/1.1" 200 16792
195.120.251.108 - - [26/Apr/1999:16:06:59 +0200] "GET /name_it.txt HTTP/1.1" 200 2951
ape52.cnuce.cnr.it - - [26/Apr/1999:16:07:42 +0200] "GET /nowar_it.html HTTP/1.0" 200 11002
ape52.cnuce.cnr.it - - [26/Apr/1999:16:08:06 +0200] "GET /nowar_yu.html HTTP/1.0" 200 11457
ape52.cnuce.cnr.it - - [26/Apr/1999:16:08:14 +0200] "GET /24499.html HTTP/1.0" 200 7032
ape52.cnuce.cnr.it - - [26/Apr/1999:16:10:02 +0200] "GET /name_it.txt HTTP/1.0" 200 2951
merapi.switch.ch - - [26/Apr/1999:16:23:30 +0200] "GET / HTTP/1.0" 200 563
cisun1000.unil.ch - - [26/Apr/1999:16:23:39 +0200] "GET /riga.html HTTP/1.0" 200 154
cisun1000.unil.ch - - [26/Apr/1999:16:23:39 +0200] "GET /menu.html HTTP/1.0" 200 1137
cisun1000.unil.ch - - [26/Apr/1999:16:23:39 +0200] "GET /home.html HTTP/1.0" 200 4704
sp20.sp2.cineca.it - - [26/Apr/1999:16:24:35 +0200] "GET /nowar_it.html HTTP/1.0" 200 11002
merapi.switch.ch - - [26/Apr/1999:16:24:44 +0200] "GET /nowar_en.html HTTP/1.0" 200 10119
proxy.netbusiness.it - - [26/Apr/1999:17:00:50 +0200] "GET / HTTP/1.0" 304 -
proxy.netbusiness.it - - [26/Apr/1999:17:00:53 +0200] "GET /riga.html HTTP/1.0" 304 -
proxy.netbusiness.it - - [26/Apr/1999:17:00:53 +0200] "GET /menu.html HTTP/1.0" 304 -
proxy.netbusiness.it - - [26/Apr/1999:17:00:54 +0200] "GET /home.html HTTP/1.0" 304 -
proxy.netbusiness.it - - [26/Apr/1999:17:01:35 +0200] "GET / HTTP/1.0" 304 -
proxy.netbusiness.it - - [26/Apr/1999:17:01:37 +0200] "GET /menu.html HTTP/1.0" 304 -
proxy.netbusiness.it - - [26/Apr/1999:17:01:37 +0200] "GET /riga.html HTTP/1.0" 304 -
proxy.netbusiness.it - - [26/Apr/1999:17:01:37 +0200] "GET /home.html HTTP/1.0" 304 -
fe-d-20.4net.it - - [26/Apr/1999:17:05:58 +0200] "GET / HTTP/1.1" 304 -
fe-d-20.4net.it - - [26/Apr/1999:17:06:00 +0200] "GET /menu.html HTTP/1.1" 304 -
fe-d-20.4net.it - - [26/Apr/1999:17:06:00 +0200] "GET /menu.html HTTP/1.1" 304 -
fe-d-20.4net.it - - [26/Apr/1999:17:06:01 +0200] "GET /riga.html HTTP/1.1" 304 -
fe-d-20.4net.it - - [26/Apr/1999:17:06:02 +0200] "GET /riga.html HTTP/1.1" 304 -
fe-d-20.4net.it - - [26/Apr/1999:17:06:02 +0200] "GET /home.html HTTP/1.1" 304 -
fe-d-20.4net.it - - [26/Apr/1999:17:06:11 +0200] "GET /nomorewar_access.log HTTP/1.1" 200 50557
137.28.138.7 - - [26/Apr/1999:17:09:05 +0200] "GET / HTTP/1.0" 200 563
137.28.138.7 - - [26/Apr/1999:17:09:08 +0200] "GET /menu.html HTTP/1.0" 200 1137
137.28.138.7 - - [26/Apr/1999:17:09:09 +0200] "GET /riga.html HTTP/1.0" 200 154
137.28.138.7 - - [26/Apr/1999:17:09:17 +0200] "GET /home.html HTTP/1.0" 200 4704
137.28.138.7 - - [26/Apr/1999:17:09:30 +0200] "GET /nowar_en.html HTTP/1.0" 200 10119
dial-106.argosid.it - - [26/Apr/1999:17:14:59 +0200] "GET / HTTP/1.1" 304 -
fe-d-20.4net.it - - [26/Apr/1999:17:40:07 +0200] "GET / HTTP/1.1" 304 -
fe-d-20.4net.it - - [26/Apr/1999:17:40:07 +0200] "GET /menu.html HTTP/1.1" 304 -
fe-d-20.4net.it - - [26/Apr/1999:17:40:07 +0200] "GET /riga.html HTTP/1.1" 304 -
fe-d-20.4net.it - - [26/Apr/1999:17:40:07 +0200] "GET /home.html HTTP/1.1" 200 4705
fe-d-20.4net.it - - [26/Apr/1999:17:40:19 +0200] "GET /24499.html HTTP/1.1" 304 -
fe-d-20.4net.it - - [26/Apr/1999:17:40:19 +0200] "GET /pix/prima01.jpg HTTP/1.1" 304 -
fe-d-20.4net.it - - [26/Apr/1999:17:40:19 +0200] "GET /pix/quasi01.jpg HTTP/1.1" 304 -
fe-d-20.4net.it - - [26/Apr/1999:17:40:19 +0200] "GET /pix/davanti01.jpg HTTP/1.1" 304 -
fe-d-20.4net.it - - [26/Apr/1999:17:40:19 +0200] "GET /pix/destra001.jpg HTTP/1.1" 304 -
fe-d-20.4net.it - - [26/Apr/1999:17:40:19 +0200] "GET /pix/ragazza01.jpg HTTP/1.1" 304 -
fe-d-20.4net.it - - [26/Apr/1999:17:40:19 +0200] "GET /pix/rai01.jpg HTTP/1.1" 304 -
fe-d-20.4net.it - - [26/Apr/1999:17:40:30 +0200] "GET /pix/quasi.html HTTP/1.1" 200 240
fe-d-20.4net.it - - [26/Apr/1999:17:40:35 +0200] "GET /pix/quasi02.jpg HTTP/1.1" 200 48100
a-na16-60.tin.it - - [26/Apr/1999:18:04:01 +0200] "GET / HTTP/1.0" 200 563
a-na16-60.tin.it - - [26/Apr/1999:18:04:02 +0200] "GET /menu.html HTTP/1.0" 200 1137
a-na16-60.tin.it - - [26/Apr/1999:18:04:02 +0200] "GET /riga.html HTTP/1.0" 200 154
a-na16-60.tin.it - - [26/Apr/1999:18:04:02 +0200] "GET /home.html HTTP/1.0" 200 4705
a-na16-60.tin.it - - [26/Apr/1999:18:04:17 +0200] "GET /nowar_it.html HTTP/1.0" 200 11002
194.80.246.103 - - [26/Apr/1999:18:25:08 +0200] "GET / HTTP/1.0" 200 563
pool191.rsadvnet.it - - [26/Apr/1999:18:55:15 +0200] "GET / HTTP/1.1" 304 -
pool191.rsadvnet.it - - [26/Apr/1999:18:55:16 +0200] "GET /menu.html HTTP/1.1" 304 -
pool191.rsadvnet.it - - [26/Apr/1999:18:55:16 +0200] "GET /riga.html HTTP/1.1" 304 -
pool191.rsadvnet.it - - [26/Apr/1999:18:55:16 +0200] "GET /home.html HTTP/1.1" 200 4705
pool191.rsadvnet.it - - [26/Apr/1999:18:55:24 +0200] "GET /24499.html HTTP/1.1" 200 7032
pool191.rsadvnet.it - - [26/Apr/1999:18:55:25 +0200] "GET /pix/prima01.jpg HTTP/1.1" 200 16241
pool191.rsadvnet.it - - [26/Apr/1999:18:55:25 +0200] "GET /pix/quasi01.jpg HTTP/1.1" 200 17421
a-an5-53.tin.it - - [26/Apr/1999:18:55:33 +0200] "GET / HTTP/1.1" 200 563
a-an5-53.tin.it - - [26/Apr/1999:18:55:35 +0200] "GET /menu.html HTTP/1.1" 200 1137
pool191.rsadvnet.it - - [26/Apr/1999:18:55:35 +0200] "GET /pix/davanti01.jpg HTTP/1.1" 200 19200
pool191.rsadvnet.it - - [26/Apr/1999:18:55:35 +0200] "GET /pix/ragazza01.jpg HTTP/1.1" 200 15631
a-an5-53.tin.it - - [26/Apr/1999:18:55:35 +0200] "GET /riga.html HTTP/1.1" 200 154
a-an5-53.tin.it - - [26/Apr/1999:18:55:36 +0200] "GET /home.html HTTP/1.1" 200 4705
a-an5-53.tin.it - - [26/Apr/1999:18:55:41 +0200] "GET /24499.html HTTP/1.1" 200 7032
a-an5-53.tin.it - - [26/Apr/1999:18:55:43 +0200] "GET /pix/prima01.jpg HTTP/1.1" 200 16241
a-an5-53.tin.it - - [26/Apr/1999:18:55:44 +0200] "GET /pix/quasi01.jpg HTTP/1.1" 200 17421
pool191.rsadvnet.it - - [26/Apr/1999:18:55:45 +0200] "GET /pix/rai01.jpg HTTP/1.1" 200 16792
pool191.rsadvnet.it - - [26/Apr/1999:18:55:45 +0200] "GET /pix/destra001.jpg HTTP/1.1" 200 16115
a-an5-53.tin.it - - [26/Apr/1999:18:55:57 +0200] "GET /pix/davanti01.jpg HTTP/1.1" 200 19200
a-an5-53.tin.it - - [26/Apr/1999:18:56:00 +0200] "GET /pix/destra001.jpg HTTP/1.1" 200 16115
a-an5-53.tin.it - - [26/Apr/1999:18:56:05 +0200] "GET /pix/rai01.jpg HTTP/1.1" 200 16792
a-an5-53.tin.it - - [26/Apr/1999:18:56:15 +0200] "GET /pix/ragazza01.jpg HTTP/1.1" 200 15631
fes.whowhere.com - - [26/Apr/1999:19:06:35 +0200] "GET / HTTP/1.0" 200 563
137.204.176.183 - - [26/Apr/1999:19:06:44 +0200] "GET /home.html HTTP/1.0" 200 4705
137.204.176.183 - - [26/Apr/1999:19:06:47 +0200] "GET /riga.html HTTP/1.0" 200 154
137.204.176.183 - - [26/Apr/1999:19:06:48 +0200] "GET /menu.html HTTP/1.0" 200 1137
fe-d-06.4net.it - - [26/Apr/1999:19:07:17 +0200] "GET / HTTP/1.0" 304 -
fe-d-06.4net.it - - [26/Apr/1999:19:07:17 +0200] "GET /menu.html HTTP/1.0" 304 -
fe-d-06.4net.it - - [26/Apr/1999:19:07:18 +0200] "GET /home.html HTTP/1.0" 200 4705
fe-d-06.4net.it - - [26/Apr/1999:19:07:18 +0200] "GET /riga.html HTTP/1.0" 304 -
fe-d-06.4net.it - - [26/Apr/1999:19:07:20 +0200] "GET /riga.html HTTP/1.0" 200 154
137.204.176.183 - - [26/Apr/1999:19:07:30 +0200] "GET /24499.html HTTP/1.0" 200 7032
137.204.176.183 - - [26/Apr/1999:19:07:33 +0200] "GET /pix/prima01.jpg HTTP/1.0" 200 16241
137.204.176.183 - - [26/Apr/1999:19:07:33 +0200] "GET /pix/quasi01.jpg HTTP/1.0" 200 17421
fe-d-06.4net.it - - [26/Apr/1999:19:07:35 +0200] "GET /nowar_yu.html HTTP/1.0" 200 11457
fe-d-06.4net.it - - [26/Apr/1999:19:07:40 +0200] "GET / HTTP/1.0" 200 563
fe-d-06.4net.it - - [26/Apr/1999:19:07:41 +0200] "GET /menu.html HTTP/1.0" 200 1137
137.204.176.183 - - [26/Apr/1999:19:07:49 +0200] "GET /pix/destra001.jpg HTTP/1.0" 200 16115
137.204.176.183 - - [26/Apr/1999:19:07:52 +0200] "GET /pix/ragazza01.jpg HTTP/1.0" 200 15631
137.204.176.183 - - [26/Apr/1999:19:07:54 +0200] "GET /pix/davanti01.jpg HTTP/1.0" 200 19200
137.204.176.183 - - [26/Apr/1999:19:07:55 +0200] "GET /pix/rai01.jpg HTTP/1.0" 200 16792
proxysrv.ita.tip.net - - [26/Apr/1999:19:39:39 +0200] "GET / HTTP/1.0" 200 563
proxysrv.ita.tip.net - - [26/Apr/1999:19:39:45 +0200] "GET /menu.html HTTP/1.0" 200 1137
proxysrv.ita.tip.net - - [26/Apr/1999:19:39:45 +0200] "GET /riga.html HTTP/1.0" 200 154
proxysrv.ita.tip.net - - [26/Apr/1999:19:39:45 +0200] "GET /home.html HTTP/1.0" 200 4705
proxysrv.ita.tip.net - - [26/Apr/1999:19:40:13 +0200] "GET /nowar_it.html HTTP/1.0" 200 11002
proxy.netbusiness.it - - [26/Apr/1999:19:41:32 +0200] "GET / HTTP/1.0" 304 -
proxy.netbusiness.it - - [26/Apr/1999:19:41:34 +0200] "GET /menu.html HTTP/1.0" 304 -
proxy.netbusiness.it - - [26/Apr/1999:19:41:34 +0200] "GET /riga.html HTTP/1.0" 304 -
proxy.netbusiness.it - - [26/Apr/1999:19:41:34 +0200] "GET /home.html HTTP/1.0" 200 4705
proxy.netbusiness.it - - [26/Apr/1999:19:41:40 +0200] "GET /24499.html HTTP/1.0" 200 7032
proxy.netbusiness.it - - [26/Apr/1999:19:41:42 +0200] "GET /pix/prima01.jpg HTTP/1.0" 200 16241
proxy.netbusiness.it - - [26/Apr/1999:19:41:43 +0200] "GET /pix/quasi01.jpg HTTP/1.0" 200 17421
proxy.netbusiness.it - - [26/Apr/1999:19:41:43 +0200] "GET /pix/davanti01.jpg HTTP/1.0" 200 19200
proxy.netbusiness.it - - [26/Apr/1999:19:41:45 +0200] "GET /pix/destra001.jpg HTTP/1.0" 200 16115
proxy.netbusiness.it - - [26/Apr/1999:19:42:03 +0200] "GET /pix/ragazza01.jpg HTTP/1.0" 200 15631
proxy.netbusiness.it - - [26/Apr/1999:19:42:04 +0200] "GET /pix/rai01.jpg HTTP/1.0" 200 16792
ppp4.mediasat.it - - [26/Apr/1999:19:42:16 +0200] "GET /home.html HTTP/1.1" 200 4705
proxy.netbusiness.it - - [26/Apr/1999:19:42:28 +0200] "GET /name_it.txt HTTP/1.0" 304 -
ppp4.mediasat.it - - [26/Apr/1999:19:44:44 +0200] "GET / HTTP/1.1" 304 -
ppp4.mediasat.it - - [26/Apr/1999:19:45:07 +0200] "GET /menu.html HTTP/1.1" 304 -
ppp4.mediasat.it - - [26/Apr/1999:19:45:11 +0200] "GET /riga.html HTTP/1.1" 304 -
proxy.netbusiness.it - - [26/Apr/1999:19:47:17 +0200] "GET /name_it.txt HTTP/1.0" 304 -
ppp4.mediasat.it - - [26/Apr/1999:19:47:33 +0200] "GET /name_it.txt HTTP/1.1" 304 -
ppp4.mediasat.it - - [26/Apr/1999:19:49:18 +0200] "GET /nowar_it.html HTTP/1.1" 304 -
cache1.mi2.albacom.net - - [26/Apr/1999:19:53:07 +0200] "GET / HTTP/1.0" 200 563
cache1.mi2.albacom.net - - [26/Apr/1999:19:53:08 +0200] "GET /menu.html HTTP/1.0" 200 1137
cache1.mi2.albacom.net - - [26/Apr/1999:19:53:08 +0200] "GET /riga.html HTTP/1.0" 200 154
cache1.mi2.albacom.net - - [26/Apr/1999:19:53:08 +0200] "GET /home.html HTTP/1.0" 200 4705
cache1.mi2.albacom.net - - [26/Apr/1999:19:53:28 +0200] "GET /nowar_it.html HTTP/1.0" 200 11002
cache1.mi2.albacom.net - - [26/Apr/1999:19:53:36 +0200] "GET /name_it.txt HTTP/1.0" 200 2951
ape52.cnuce.cnr.it - - [26/Apr/1999:20:02:05 +0200] "GET /24499.html HTTP/1.0" 304 -
ape52.cnuce.cnr.it - - [26/Apr/1999:20:02:07 +0200] "GET /24499.html HTTP/1.0" 206 6186
ape52.cnuce.cnr.it - - [26/Apr/1999:20:02:08 +0200] "GET /pix/prima01.jpg HTTP/1.0" 200 16241
ape52.cnuce.cnr.it - - [26/Apr/1999:20:02:16 +0200] "GET /pix/destra001.jpg HTTP/1.0" 200 16115
ape52.cnuce.cnr.it - - [26/Apr/1999:20:02:16 +0200] "GET /pix/quasi01.jpg HTTP/1.0" 200 17421
ape52.cnuce.cnr.it - - [26/Apr/1999:20:02:22 +0200] "GET /pix/davanti01.jpg HTTP/1.0" 200 19200
ape52.cnuce.cnr.it - - [26/Apr/1999:20:02:34 +0200] "GET /pix/rai01.jpg HTTP/1.0" 200 16792
ape52.cnuce.cnr.it - - [26/Apr/1999:20:02:56 +0200] "GET /pix/ragazza01.jpg HTTP/1.0" 200 15631
14.059.mica.sincretech.it - - [26/Apr/1999:20:03:44 +0200] "GET / HTTP/1.1" 200 563
14.059.mica.sincretech.it - - [26/Apr/1999:20:03:45 +0200] "GET /menu.html HTTP/1.1" 200 1137
14.059.mica.sincretech.it - - [26/Apr/1999:20:03:46 +0200] "GET /riga.html HTTP/1.1" 200 154
14.059.mica.sincretech.it - - [26/Apr/1999:20:03:48 +0200] "GET /home.html HTTP/1.1" 200 4705
14.059.mica.sincretech.it - - [26/Apr/1999:20:04:16 +0200] "GET /nowar_it.html HTTP/1.1" 200 11002
fe-d-15.4net.it - - [26/Apr/1999:20:08:56 +0200] "GET /nomorewar_access.log HTTP/1.1" 200 60153
proxy.netbusiness.it - - [26/Apr/1999:20:21:24 +0200] "GET / HTTP/1.0" 304 -
proxy.netbusiness.it - - [26/Apr/1999:20:21:29 +0200] "GET /riga.html HTTP/1.0" 304 -
proxy.netbusiness.it - - [26/Apr/1999:20:21:29 +0200] "GET /menu.html HTTP/1.0" 304 -
proxy.netbusiness.it - - [26/Apr/1999:20:21:32 +0200] "GET /home.html HTTP/1.0" 304 -
14.059.mica.sincretech.it - - [26/Apr/1999:20:23:31 +0200] "GET /24499.html HTTP/1.1" 200 7032
14.059.mica.sincretech.it - - [26/Apr/1999:20:23:32 +0200] "GET /pix/prima01.jpg HTTP/1.1" 200 16241
14.059.mica.sincretech.it - - [26/Apr/1999:20:23:35 +0200] "GET /pix/quasi01.jpg HTTP/1.1" 200 17421
14.059.mica.sincretech.it - - [26/Apr/1999:20:23:42 +0200] "GET /pix/davanti01.jpg HTTP/1.1" 200 19200
14.059.mica.sincretech.it - - [26/Apr/1999:20:23:45 +0200] "GET /pix/ragazza01.jpg HTTP/1.1" 200 15631
14.059.mica.sincretech.it - - [26/Apr/1999:20:23:54 +0200] "GET /pix/destra001.jpg HTTP/1.1" 200 16115
14.059.mica.sincretech.it - - [26/Apr/1999:20:23:55 +0200] "GET /pix/rai01.jpg HTTP/1.1" 200 16792
a-sa5-24.tin.it - - [26/Apr/1999:20:45:50 +0200] "GET / HTTP/1.1" 200 563
a-sa5-24.tin.it - - [26/Apr/1999:20:45:51 +0200] "GET /menu.html HTTP/1.1" 200 1137
a-sa5-24.tin.it - - [26/Apr/1999:20:45:51 +0200] "GET /riga.html HTTP/1.1" 200 154
a-sa5-24.tin.it - - [26/Apr/1999:20:45:51 +0200] "GET /home.html HTTP/1.1" 200 4705
a-sa5-24.tin.it - - [26/Apr/1999:20:47:17 +0200] "GET /24499.html HTTP/1.1" 200 7032
a-sa5-24.tin.it - - [26/Apr/1999:20:47:20 +0200] "GET /pix/quasi01.jpg HTTP/1.1" 200 17421
a-sa5-24.tin.it - - [26/Apr/1999:20:47:20 +0200] "GET /pix/prima01.jpg HTTP/1.1" 200 16241
a-sa5-24.tin.it - - [26/Apr/1999:20:47:32 +0200] "GET /pix/davanti01.jpg HTTP/1.1" 200 19200
a-sa5-24.tin.it - - [26/Apr/1999:20:47:32 +0200] "GET /pix/ragazza01.jpg HTTP/1.1" 200 15631
a-sa5-24.tin.it - - [26/Apr/1999:20:47:47 +0200] "GET /pix/destra001.jpg HTTP/1.1" 200 16115
a-sa5-24.tin.it - - [26/Apr/1999:20:47:49 +0200] "GET /pix/rai01.jpg HTTP/1.1" 200 16792
a-sa5-24.tin.it - - [26/Apr/1999:20:51:09 +0200] "GET /pix/prima.html HTTP/1.1" 200 240
a-sa5-24.tin.it - - [26/Apr/1999:20:51:23 +0200] "GET /pix/prima02.jpg HTTP/1.1" 200 69864
a-sa5-24.tin.it - - [26/Apr/1999:20:51:48 +0200] "GET /pix/quasi.html HTTP/1.1" 200 240
a-sa5-24.tin.it - - [26/Apr/1999:20:51:55 +0200] "GET /pix/quasi02.jpg HTTP/1.1" 200 48100
popm-6.shineline.it - - [26/Apr/1999:21:15:39 +0200] "GET / HTTP/1.1" 200 563
popm-6.shineline.it - - [26/Apr/1999:21:15:39 +0200] "GET /menu.html HTTP/1.1" 200 1137
popm-6.shineline.it - - [26/Apr/1999:21:15:40 +0200] "GET /riga.html HTTP/1.1" 200 154
popm-6.shineline.it - - [26/Apr/1999:21:15:40 +0200] "GET /home.html HTTP/1.1" 200 4705
popm-6.shineline.it - - [26/Apr/1999:21:15:51 +0200] "GET /nowar_it.html HTTP/1.1" 200 11002
popm-6.shineline.it - - [26/Apr/1999:21:16:03 +0200] "GET /name_it.txt HTTP/1.1" 200 2951
a-mi51-41.tin.it - - [26/Apr/1999:21:47:49 +0200] "GET / HTTP/1.0" 200 563
a-mi51-41.tin.it - - [26/Apr/1999:21:47:49 +0200] "GET /menu.html HTTP/1.0" 200 1137
a-mi51-41.tin.it - - [26/Apr/1999:21:47:50 +0200] "GET /riga.html HTTP/1.0" 200 154
a-mi51-41.tin.it - - [26/Apr/1999:21:47:50 +0200] "GET /home.html HTTP/1.0" 200 4705
a-mi51-41.tin.it - - [26/Apr/1999:21:48:17 +0200] "GET /nowar_it.html HTTP/1.0" 200 11002
proxy.netbusiness.it - - [26/Apr/1999:21:51:46 +0200] "GET /nowar_en.html HTTP/1.0" 304 -
proxy.netbusiness.it - - [26/Apr/1999:21:52:02 +0200] "GET /nowar_en.html HTTP/1.0" 304 -
151.99.137.144 - - [26/Apr/1999:22:07:39 +0200] "GET / HTTP/1.0" 200 563
151.99.137.144 - - [26/Apr/1999:22:07:43 +0200] "GET /menu.html HTTP/1.0" 200 1137
151.99.137.144 - - [26/Apr/1999:22:07:43 +0200] "GET /riga.html HTTP/1.0" 200 154
151.99.137.144 - - [26/Apr/1999:22:07:43 +0200] "GET /home.html HTTP/1.0" 200 4705
151.99.137.144 - - [26/Apr/1999:22:08:24 +0200] "GET /nowar_it.html HTTP/1.0" 200 11002
ppp4.mediasat.it - - [26/Apr/1999:22:20:26 +0200] "GET / HTTP/1.1" 304 -
ppp4.mediasat.it - - [26/Apr/1999:22:20:39 +0200] "GET /home.html HTTP/1.1" 304 -
ppp4.mediasat.it - - [26/Apr/1999:22:20:43 +0200] "GET /riga.html HTTP/1.1" 304 -
151.4.109.20 - - [26/Apr/1999:22:21:02 +0200] "GET / HTTP/1.0" 200 563
ppp4.mediasat.it - - [26/Apr/1999:22:21:10 +0200] "GET /menu.html HTTP/1.1" 304 -
spider1.dada.it - - [26/Apr/1999:22:21:12 +0200] "GET /menu.html HTTP/1.0" 200 1137
spider1.dada.it - - [26/Apr/1999:22:21:13 +0200] "GET /riga.html HTTP/1.0" 200 154
spider1.dada.it - - [26/Apr/1999:22:21:17 +0200] "GET /home.html HTTP/1.0" 200 4705
spider1.dada.it - - [26/Apr/1999:22:21:23 +0200] "GET /nowar_it.html HTTP/1.0" 200 11002
195.120.251.106 - - [26/Apr/1999:22:47:56 +0200] "GET / HTTP/1.1" 200 563
195.120.251.106 - - [26/Apr/1999:22:47:57 +0200] "GET /menu.html HTTP/1.1" 200 1137
195.120.251.106 - - [26/Apr/1999:22:47:57 +0200] "GET /riga.html HTTP/1.1" 200 154
195.120.251.106 - - [26/Apr/1999:22:47:58 +0200] "GET /home.html HTTP/1.1" 200 4705
195.120.251.106 - - [26/Apr/1999:22:48:38 +0200] "GET /nowar_it.html HTTP/1.1" 200 11002
195.120.251.106 - - [26/Apr/1999:22:50:18 +0200] "GET /24499.html HTTP/1.1" 200 7032
fe-d-11.4net.it - - [26/Apr/1999:22:51:49 +0200] "GET /nomorewar_access.log HTTP/1.1" 200 65368
195.120.251.106 - - [26/Apr/1999:22:52:10 +0200] "GET /name_it.txt HTTP/1.1" 200 2951
total51.mediacom.it - - [26/Apr/1999:22:53:43 +0200] "GET / HTTP/1.1" 200 563
total51.mediacom.it - - [26/Apr/1999:22:53:44 +0200] "GET /menu.html HTTP/1.1" 200 1137
total51.mediacom.it - - [26/Apr/1999:22:53:44 +0200] "GET /riga.html HTTP/1.1" 200 154
total51.mediacom.it - - [26/Apr/1999:22:53:44 +0200] "GET /home.html HTTP/1.1" 200 4705
total51.mediacom.it - - [26/Apr/1999:22:54:04 +0200] "GET /name_it.txt HTTP/1.1" 200 2951
fe-d-11.4net.it - - [26/Apr/1999:23:16:46 +0200] "GET / HTTP/1.1" 304 -
fe-d-11.4net.it - - [26/Apr/1999:23:16:47 +0200] "GET /menu.html HTTP/1.1" 304 -
fe-d-11.4net.it - - [26/Apr/1999:23:16:47 +0200] "GET /riga.html HTTP/1.1" 304 -
fe-d-11.4net.it - - [26/Apr/1999:23:16:47 +0200] "GET /home.html HTTP/1.1" 304 -
fe-d-11.4net.it - - [26/Apr/1999:23:25:01 +0200] "GET /24499.html HTTP/1.1" 304 -
fe-d-11.4net.it - - [26/Apr/1999:23:25:01 +0200] "GET /pix/prima01.jpg HTTP/1.1" 304 -
fe-d-11.4net.it - - [26/Apr/1999:23:25:01 +0200] "GET /pix/quasi01.jpg HTTP/1.1" 304 -
fe-d-11.4net.it - - [26/Apr/1999:23:25:01 +0200] "GET /pix/davanti01.jpg HTTP/1.1" 304 -
fe-d-11.4net.it - - [26/Apr/1999:23:25:02 +0200] "GET /pix/destra001.jpg HTTP/1.1" 304 -
fe-d-11.4net.it - - [26/Apr/1999:23:25:02 +0200] "GET /pix/ragazza01.jpg HTTP/1.1" 304 -
fe-d-11.4net.it - - [26/Apr/1999:23:25:02 +0200] "GET /pix/rai01.jpg HTTP/1.1" 304 -
proxy.netbusiness.it - - [26/Apr/1999:23:58:48 +0200] "GET /menu.html HTTP/1.0" 304 -
pppd9-1.sinfo.net - - [27/Apr/1999:00:16:42 +0200] "GET / HTTP/1.1" 200 563
pppd9-1.sinfo.net - - [27/Apr/1999:00:16:48 +0200] "GET /menu.html HTTP/1.1" 200 1137
pppd9-1.sinfo.net - - [27/Apr/1999:00:16:51 +0200] "GET /home.html HTTP/1.1" 200 4705
pppd9-1.sinfo.net - - [27/Apr/1999:00:16:59 +0200] "GET /riga.html HTTP/1.1" 200 154
pppd9-1.sinfo.net - - [27/Apr/1999:00:17:42 +0200] "GET /nowar_it.html HTTP/1.1" 200 11002
pppd9-1.sinfo.net - - [27/Apr/1999:00:17:55 +0200] "GET /nowar_yu.html HTTP/1.1" 200 11457
pppd9-1.sinfo.net - - [27/Apr/1999:00:19:55 +0200] "GET /24499.html HTTP/1.1" 200 7032
pppd9-1.sinfo.net - - [27/Apr/1999:00:20:09 +0200] "GET /pix/prima01.jpg HTTP/1.1" 200 16241
fe-d-11.4net.it - - [27/Apr/1999:01:20:48 +0200] "GET / HTTP/1.1" 304 -
fe-d-11.4net.it - - [27/Apr/1999:01:20:48 +0200] "GET /menu.html HTTP/1.1" 304 -
fe-d-11.4net.it - - [27/Apr/1999:01:20:49 +0200] "GET /riga.html HTTP/1.1" 304 -
fe-d-11.4net.it - - [27/Apr/1999:01:20:49 +0200] "GET /home.html HTTP/1.1" 304 -
fe-d-11.4net.it - - [27/Apr/1999:01:21:19 +0200] "GET /nomorewar_access.log HTTP/1.1" 200 58040
fe-d-11.4net.it - - [27/Apr/1999:01:21:56 +0200] "GET /menu.html HTTP/1.1" 304 -
ppp5.mediasat.it - - [27/Apr/1999:01:56:53 +0200] "GET / HTTP/1.1" 200 563
ppp5.mediasat.it - - [27/Apr/1999:01:56:57 +0200] "GET /riga.html HTTP/1.1" 200 154
ppp5.mediasat.it - - [27/Apr/1999:01:56:57 +0200] "GET /menu.html HTTP/1.1" 200 1137
ppp5.mediasat.it - - [27/Apr/1999:01:56:57 +0200] "GET /home.html HTTP/1.1" 200 4705
fe-d-11.4net.it - - [27/Apr/1999:02:05:14 +0200] "GET / HTTP/1.1" 200 563
fe-d-11.4net.it - - [27/Apr/1999:02:05:15 +0200] "GET /menu.html HTTP/1.1" 200 1283
fe-d-11.4net.it - - [27/Apr/1999:02:05:15 +0200] "GET /menu.html HTTP/1.1" 200 1283
fe-d-11.4net.it - - [27/Apr/1999:02:05:16 +0200] "GET /riga.html HTTP/1.1" 200 154
fe-d-11.4net.it - - [27/Apr/1999:02:05:16 +0200] "GET /home.html HTTP/1.1" 200 4859
fe-d-11.4net.it - - [27/Apr/1999:02:05:24 +0200] "GET /docs/tripoli_26499.html HTTP/1.1" 302 203
proxy.netbusiness.it - - [27/Apr/1999:02:05:56 +0200] "GET /menu.html HTTP/1.0" 200 1283
proxy.netbusiness.it - - [27/Apr/1999:02:06:09 +0200] "GET /home.html HTTP/1.0" 200 4859
proxy.netbusiness.it - - [27/Apr/1999:02:06:44 +0200] "GET /nowar_fr.html HTTP/1.0" 200 11352
fe-d-11.4net.it - - [27/Apr/1999:02:06:53 +0200] "GET /home.html HTTP/1.1" 304 -
proxy.netbusiness.it - - [27/Apr/1999:02:07:30 +0200] "GET /docs/tripoli_26499.html HTTP/1.0" 302 191
proxy.netbusiness.it - - [27/Apr/1999:02:08:14 +0200] "GET /docs/tripoli_26499.html HTTP/1.0" 302 191
fe-d-11.4net.it - - [27/Apr/1999:02:18:31 +0200] "GET / HTTP/1.1" 200 563
fe-d-11.4net.it - - [27/Apr/1999:02:18:31 +0200] "GET /menu.html HTTP/1.1" 200 1283
fe-d-11.4net.it - - [27/Apr/1999:02:18:32 +0200] "GET /riga.html HTTP/1.1" 200 154
fe-d-11.4net.it - - [27/Apr/1999:02:18:32 +0200] "GET /home.html HTTP/1.1" 200 4859
fe-d-11.4net.it - - [27/Apr/1999:02:19:25 +0200] "GET /docs/tripoli_26499.html HTTP/1.1" 200 7216
fe-d-11.4net.it - - [27/Apr/1999:02:19:28 +0200] "GET /docs/tripoli_26499-file/rep_news_new.gif HTTP/1.1" 200 6371
fe-d-11.4net.it - - [27/Apr/1999:02:19:28 +0200] "GET /docs/tripoli_26499-file/logo_new(3).gif HTTP/1.1" 200 2064
fe-d-11.4net.it - - [27/Apr/1999:02:19:35 +0200] "GET /home.html HTTP/1.1" 304 -
proxy.netbusiness.it - - [27/Apr/1999:02:19:59 +0200] "GET /docs/tripoli_26499.html HTTP/1.0" 200 7216
proxy.netbusiness.it - - [27/Apr/1999:02:20:01 +0200] "GET /docs/tripoli_26499-file/logo_new(3).gif HTTP/1.0" 200 2064
proxy.netbusiness.it - - [27/Apr/1999:02:20:01 +0200] "GET /docs/tripoli_26499-file/rep_news_new.gif HTTP/1.0" 200 6371
proxy.netbusiness.it - - [27/Apr/1999:02:20:02 +0200] "GET /docs/tripoli_26499-file/somedia.gif HTTP/1.0" 200 5305
proxy.netbusiness.it - - [27/Apr/1999:02:20:03 +0200] "GET /docs/tripoli_26499-file/inedicola(1).gif HTTP/1.0" 200 739
proxy.netbusiness.it - - [27/Apr/1999:02:20:04 +0200] "GET /docs/tripoli_26499-file/navigsx.gif HTTP/1.0" 200 5368
proxy.netbusiness.it - - [27/Apr/1999:02:20:07 +0200] "GET /docs/tripoli_26499-file/inizio_new.gif HTTP/1.0" 200 751
fe-d-11.4net.it - - [27/Apr/1999:02:23:25 +0200] "GET /home.html HTTP/1.1" 302 203
fe-d-11.4net.it - - [27/Apr/1999:02:25:35 +0200] "GET /home.html HTTP/1.1" 302 203
fe-d-11.4net.it - - [27/Apr/1999:02:26:08 +0200] "GET /home.html HTTP/1.1" 302 203
a-fe7-29.tin.it - - [27/Apr/1999:02:26:34 +0200] "GET / HTTP/1.1" 200 563
a-fe7-29.tin.it - - [27/Apr/1999:02:26:35 +0200] "GET /menu.html HTTP/1.1" 200 1283
a-fe7-29.tin.it - - [27/Apr/1999:02:26:35 +0200] "GET /riga.html HTTP/1.1" 200 154
a-fe7-29.tin.it - - [27/Apr/1999:02:26:36 +0200] "GET /home.html HTTP/1.1" 200 4859
fe-d-11.4net.it - - [27/Apr/1999:02:26:37 +0200] "GET /home.html HTTP/1.1" 200 4859
fe-d-11.4net.it - - [27/Apr/1999:02:27:25 +0200] "GET /home.html HTTP/1.1" 200 4863
fe-d-11.4net.it - - [27/Apr/1999:02:32:20 +0200] "GET / HTTP/1.1" 304 -
fe-d-11.4net.it - - [27/Apr/1999:02:32:20 +0200] "GET /menu.html HTTP/1.1" 304 -
fe-d-11.4net.it - - [27/Apr/1999:02:32:20 +0200] "GET /riga.html HTTP/1.1" 304 -
fe-d-11.4net.it - - [27/Apr/1999:02:32:20 +0200] "GET /home.html HTTP/1.1" 304 -
fe-d-11.4net.it - - [27/Apr/1999:02:33:28 +0200] "GET / HTTP/1.1" 304 -
fe-d-11.4net.it - - [27/Apr/1999:02:33:29 +0200] "GET /menu.html HTTP/1.1" 304 -
fe-d-11.4net.it - - [27/Apr/1999:02:33:29 +0200] "GET /menu.html HTTP/1.1" 304 -
fe-d-11.4net.it - - [27/Apr/1999:02:33:30 +0200] "GET /riga.html HTTP/1.1" 304 -
fe-d-11.4net.it - - [27/Apr/1999:02:33:30 +0200] "GET /home.html HTTP/1.1" 200 4863
fe-d-11.4net.it - - [27/Apr/1999:02:33:30 +0200] "GET /home.html HTTP/1.1" 200 4863
p3.syrene.it - - [27/Apr/1999:02:35:33 +0200] "GET / HTTP/1.1" 200 563
p3.syrene.it - - [27/Apr/1999:02:35:34 +0200] "GET /menu.html HTTP/1.1" 200 1283
p3.syrene.it - - [27/Apr/1999:02:35:35 +0200] "GET /riga.html HTTP/1.1" 200 154
p3.syrene.it - - [27/Apr/1999:02:35:35 +0200] "GET /home.html HTTP/1.1" 200 4863
p3.syrene.it - - [27/Apr/1999:02:37:17 +0200] "GET /docs/tripoli_26499.html HTTP/1.1" 200 7216
p3.syrene.it - - [27/Apr/1999:02:37:19 +0200] "GET /docs/tripoli_26499-file/logo_new(3).gif HTTP/1.1" 200 2064
p3.syrene.it - - [27/Apr/1999:02:37:19 +0200] "GET /docs/tripoli_26499-file/rep_news_new.gif HTTP/1.1" 200 6371
p3.syrene.it - - [27/Apr/1999:02:37:20 +0200] "GET /docs/tripoli_26499-file/somedia.gif HTTP/1.1" 200 5305
p3.syrene.it - - [27/Apr/1999:02:37:22 +0200] "GET /docs/tripoli_26499-file/inedicola(1).gif HTTP/1.1" 200 739
p3.syrene.it - - [27/Apr/1999:02:37:24 +0200] "GET /docs/tripoli_26499-file/navigsx.gif HTTP/1.1" 200 5368
p3.syrene.it - - [27/Apr/1999:02:37:24 +0200] "GET /docs/tripoli_26499-file/inizio_new.gif HTTP/1.1" 200 751
fe-d-11.4net.it - - [27/Apr/1999:02:38:23 +0200] "GET /home.html HTTP/1.1" 304 -
fe-d-11.4net.it - - [27/Apr/1999:02:38:27 +0200] "GET / HTTP/1.1" 304 -
fe-d-11.4net.it - - [27/Apr/1999:02:38:27 +0200] "GET / HTTP/1.1" 304 -
fe-d-11.4net.it - - [27/Apr/1999:02:38:28 +0200] "GET /menu.html HTTP/1.1" 304 -
fe-d-11.4net.it - - [27/Apr/1999:02:38:28 +0200] "GET /riga.html HTTP/1.1" 304 -
fe-d-11.4net.it - - [27/Apr/1999:02:38:28 +0200] "GET /home.html HTTP/1.1" 304 -
p3.syrene.it - - [27/Apr/1999:02:38:41 +0200] "GET /24499.html HTTP/1.1" 200 3813
p3.syrene.it - - [27/Apr/1999:02:38:42 +0200] "GET /24499.html HTTP/1.1" 200 7032
p3.syrene.it - - [27/Apr/1999:02:38:43 +0200] "GET /24499.html HTTP/1.1" 200 7032
p3.syrene.it - - [27/Apr/1999:02:38:45 +0200] "GET /pix/prima01.jpg HTTP/1.1" 200 16241
p3.syrene.it - - [27/Apr/1999:02:38:45 +0200] "GET /pix/quasi01.jpg HTTP/1.1" 200 17421
fe-d-11.4net.it - - [27/Apr/1999:02:38:46 +0200] "GET /home.html HTTP/1.1" 200 4861
fe-d-11.4net.it - - [27/Apr/1999:02:38:46 +0200] "GET / HTTP/1.1" 304 -
fe-d-11.4net.it - - [27/Apr/1999:02:38:47 +0200] "GET /menu.html HTTP/1.1" 304 -
fe-d-11.4net.it - - [27/Apr/1999:02:38:47 +0200] "GET /riga.html HTTP/1.1" 304 -
fe-d-11.4net.it - - [27/Apr/1999:02:38:48 +0200] "GET /home.html HTTP/1.1" 200 4861
fe-d-11.4net.it - - [27/Apr/1999:02:38:50 +0200] "GET / HTTP/1.1" 304 -
fe-d-11.4net.it - - [27/Apr/1999:02:38:50 +0200] "GET / HTTP/1.1" 304 -
fe-d-11.4net.it - - [27/Apr/1999:02:38:51 +0200] "GET /menu.html HTTP/1.1" 304 -
fe-d-11.4net.it - - [27/Apr/1999:02:38:51 +0200] "GET /home.html HTTP/1.1" 304 -
fe-d-11.4net.it - - [27/Apr/1999:02:38:51 +0200] "GET /riga.html HTTP/1.1" 304 -
p3.syrene.it - - [27/Apr/1999:02:38:55 +0200] "GET /pix/davanti01.jpg HTTP/1.1" 200 19200
p3.syrene.it - - [27/Apr/1999:02:38:55 +0200] "GET /pix/destra001.jpg HTTP/1.1" 200 16115
fe-d-11.4net.it - - [27/Apr/1999:02:38:57 +0200] "GET /name_it.txt HTTP/1.1" 200 2951
p3.syrene.it - - [27/Apr/1999:02:39:06 +0200] "GET /pix/ragazza01.jpg HTTP/1.1" 200 15631
p3.syrene.it - - [27/Apr/1999:02:39:06 +0200] "GET /pix/rai01.jpg HTTP/1.1" 200 16792
fe-d-11.4net.it - - [27/Apr/1999:02:39:20 +0200] "GET /name_it.txt HTTP/1.1" 200 3305
fe-d-11.4net.it - - [27/Apr/1999:02:40:32 +0200] "GET / HTTP/1.1" 304 -
fe-d-11.4net.it - - [27/Apr/1999:02:40:32 +0200] "GET /menu.html HTTP/1.1" 304 -
fe-d-11.4net.it - - [27/Apr/1999:02:40:33 +0200] "GET /riga.html HTTP/1.1" 304 -
fe-d-11.4net.it - - [27/Apr/1999:02:40:33 +0200] "GET /name_it.txt HTTP/1.1" 200 3271
p3.syrene.it - - [27/Apr/1999:02:41:21 +0200] "GET / HTTP/1.1" 304 -
p3.syrene.it - - [27/Apr/1999:02:41:23 +0200] "GET /menu.html HTTP/1.1" 304 -
p3.syrene.it - - [27/Apr/1999:02:41:24 +0200] "GET /riga.html HTTP/1.1" 304 -
p3.syrene.it - - [27/Apr/1999:02:41:24 +0200] "GET /24499.html HTTP/1.1" 304 -
p3.syrene.it - - [27/Apr/1999:02:41:24 +0200] "GET /pix/prima01.jpg HTTP/1.1" 304 -
p3.syrene.it - - [27/Apr/1999:02:41:24 +0200] "GET /pix/quasi01.jpg HTTP/1.1" 304 -
p3.syrene.it - - [27/Apr/1999:02:41:25 +0200] "GET /pix/davanti01.jpg HTTP/1.1" 304 -
p3.syrene.it - - [27/Apr/1999:02:41:25 +0200] "GET /pix/destra001.jpg HTTP/1.1" 304 -
p3.syrene.it - - [27/Apr/1999:02:41:26 +0200] "GET /pix/ragazza01.jpg HTTP/1.1" 304 -
p3.syrene.it - - [27/Apr/1999:02:41:26 +0200] "GET /pix/rai01.jpg HTTP/1.1" 304 -
proxy.netbusiness.it - - [27/Apr/1999:02:41:32 +0200] "GET / HTTP/1.0" 200 563
proxy.netbusiness.it - - [27/Apr/1999:02:41:36 +0200] "GET /riga.html HTTP/1.0" 200 154
proxy.netbusiness.it - - [27/Apr/1999:02:42:31 +0200] "GET / HTTP/1.0" 304 -
proxy.netbusiness.it - - [27/Apr/1999:02:42:34 +0200] "GET /menu.html HTTP/1.0" 304 -
proxy.netbusiness.it - - [27/Apr/1999:02:42:34 +0200] "GET /riga.html HTTP/1.0" 304 -
proxy.netbusiness.it - - [27/Apr/1999:02:42:34 +0200] "GET /home.html HTTP/1.0" 200 4861
proxy.netbusiness.it - - [27/Apr/1999:02:42:44 +0200] "GET /nowar_yu.html HTTP/1.0" 200 12573
proxy.netbusiness.it - - [27/Apr/1999:02:43:03 +0200] "GET /nowar_it.html HTTP/1.0" 200 11140
proxy.netbusiness.it - - [27/Apr/1999:02:43:30 +0200] "GET /name_it.txt HTTP/1.0" 200 3271
p3.syrene.it - - [27/Apr/1999:02:44:03 +0200] "GET /pix/rai.html HTTP/1.1" 200 238
p3.syrene.it - - [27/Apr/1999:02:44:11 +0200] "GET /pix/rai02.jpg HTTP/1.1" 200 75736
p3.syrene.it - - [27/Apr/1999:02:44:36 +0200] "GET /pix/davanti.html HTTP/1.1" 200 242
p3.syrene.it - - [27/Apr/1999:02:44:45 +0200] "GET /pix/davanti02.jpg HTTP/1.1" 200 63190
proxy.netbusiness.it - - [27/Apr/1999:02:44:59 +0200] "GET /24499.html HTTP/1.0" 200 7032
proxy.netbusiness.it - - [27/Apr/1999:02:45:01 +0200] "GET /pix/prima01.jpg HTTP/1.0" 304 -
proxy.netbusiness.it - - [27/Apr/1999:02:45:01 +0200] "GET /pix/quasi01.jpg HTTP/1.0" 304 -
proxy.netbusiness.it - - [27/Apr/1999:02:45:02 +0200] "GET /pix/davanti01.jpg HTTP/1.0" 304 -
proxy.netbusiness.it - - [27/Apr/1999:02:45:03 +0200] "GET /pix/destra001.jpg HTTP/1.0" 304 -
p3.syrene.it - - [27/Apr/1999:02:45:16 +0200] "GET /pix/quasi.html HTTP/1.1" 200 240
p3.syrene.it - - [27/Apr/1999:02:45:17 +0200] "GET /pix/quasi02.jpg HTTP/1.1" 200 48100
proxy.netbusiness.it - - [27/Apr/1999:02:45:19 +0200] "GET /pix/rai01.jpg HTTP/1.0" 304 -
proxy.netbusiness.it - - [27/Apr/1999:02:45:23 +0200] "GET /pix/ragazza01.jpg HTTP/1.0" 304 -
proxy.netbusiness.it - - [27/Apr/1999:02:45:47 +0200] "GET /pix/quasi.html HTTP/1.0" 200 240
proxy.netbusiness.it - - [27/Apr/1999:02:45:48 +0200] "GET /pix/quasi02.jpg HTTP/1.0" 200 48100
p3.syrene.it - - [27/Apr/1999:02:45:52 +0200] "GET /pix/prima.html HTTP/1.1" 200 240
p3.syrene.it - - [27/Apr/1999:02:46:02 +0200] "GET /pix/prima02.jpg HTTP/1.1" 200 69864
p3.syrene.it - - [27/Apr/1999:02:46:37 +0200] "GET /pix/ragazza.html HTTP/1.1" 200 242
p3.syrene.it - - [27/Apr/1999:02:46:46 +0200] "GET /pix/ragazza02.jpg HTTP/1.1" 200 76485
proxy.netbusiness.it - - [27/Apr/1999:02:46:55 +0200] "GET /pix/ragazza01.jpg HTTP/1.0" 206 10326
proxy.netbusiness.it - - [27/Apr/1999:02:46:57 +0200] "GET /pix/prima.html HTTP/1.0" 200 240
proxy.netbusiness.it - - [27/Apr/1999:02:47:00 +0200] "GET /pix/prima02.jpg HTTP/1.0" 200 69864
proxy.netbusiness.it - - [27/Apr/1999:02:47:44 +0200] "GET /pix/ragazza01.jpg HTTP/1.0" 206 9147
proxy.netbusiness.it - - [27/Apr/1999:02:47:50 +0200] "GET /pix/davanti.html HTTP/1.0" 200 242
proxy.netbusiness.it - - [27/Apr/1999:02:47:52 +0200] "GET /pix/davanti02.jpg HTTP/1.0" 200 63190
proxy.netbusiness.it - - [27/Apr/1999:02:48:07 +0200] "GET /pix/davanti02.jpg HTTP/1.0" 206 33098
proxy.netbusiness.it - - [27/Apr/1999:02:48:35 +0200] "GET /pix/destra.html HTTP/1.0" 200 241
proxy.netbusiness.it - - [27/Apr/1999:02:48:37 +0200] "GET /pix/destra02.jpg HTTP/1.0" 200 57014
proxy.netbusiness.it - - [27/Apr/1999:02:49:05 +0200] "GET /pix/ragazza.html HTTP/1.0" 200 242
proxy.netbusiness.it - - [27/Apr/1999:02:49:08 +0200] "GET /pix/ragazza02.jpg HTTP/1.0" 200 76485
proxy.netbusiness.it - - [27/Apr/1999:02:50:28 +0200] "GET /pix/rai.html HTTP/1.0" 200 238
proxy.netbusiness.it - - [27/Apr/1999:02:50:30 +0200] "GET /pix/rai02.jpg HTTP/1.0" 200 75736
p3.syrene.it - - [27/Apr/1999:02:54:32 +0200] "GET / HTTP/1.1" 304 -
p3.syrene.it - - [27/Apr/1999:02:54:33 +0200] "GET /menu.html HTTP/1.1" 304 -
p3.syrene.it - - [27/Apr/1999:02:54:33 +0200] "GET /riga.html HTTP/1.1" 304 -
p3.syrene.it - - [27/Apr/1999:02:54:33 +0200] "GET /home.html HTTP/1.1" 200 4861
fe-d-11.4net.it - - [27/Apr/1999:02:54:48 +0200] "GET /home.html HTTP/1.1" 200 4861
proxy.netbusiness.it - - [27/Apr/1999:03:11:19 +0200] "GET /nowar_en.html HTTP/1.0" 200 10254
fe-d-11.4net.it - - [27/Apr/1999:03:44:23 +0200] "GET / HTTP/1.1" 304 -
fe-d-11.4net.it - - [27/Apr/1999:03:44:23 +0200] "GET /menu.html HTTP/1.1" 304 -
fe-d-11.4net.it - - [27/Apr/1999:03:44:24 +0200] "GET /home.html HTTP/1.1" 304 -
fe-d-11.4net.it - - [27/Apr/1999:03:44:24 +0200] "GET /riga.html HTTP/1.1" 304 -
p3.syrene.it - - [27/Apr/1999:03:49:51 +0200] "GET /nowar_yu.html HTTP/1.1" 200 12573
p3.syrene.it - - [27/Apr/1999:03:50:02 +0200] "GET /nowar_fr.html HTTP/1.1" 200 11352
a-bg4-7.tin.it - - [27/Apr/1999:05:49:56 +0200] "GET / HTTP/1.1" 200 563
a-bg4-7.tin.it - - [27/Apr/1999:05:49:57 +0200] "GET /menu.html HTTP/1.1" 200 1283
a-bg4-7.tin.it - - [27/Apr/1999:05:49:58 +0200] "GET /riga.html HTTP/1.1" 200 154
a-bg4-7.tin.it - - [27/Apr/1999:05:49:58 +0200] "GET /home.html HTTP/1.1" 200 4861
a-bg4-7.tin.it - - [27/Apr/1999:05:50:18 +0200] "GET /nowar_it.html HTTP/1.1" 200 11140
pool137.rsadvnet.it - - [27/Apr/1999:09:06:19 +0200] "GET / HTTP/1.1" 200 563
pool137.rsadvnet.it - - [27/Apr/1999:09:06:20 +0200] "GET /menu.html HTTP/1.1" 200 1283
pool137.rsadvnet.it - - [27/Apr/1999:09:06:20 +0200] "GET /riga.html HTTP/1.1" 200 154
pool137.rsadvnet.it - - [27/Apr/1999:09:06:20 +0200] "GET /home.html HTTP/1.1" 200 4861
pool137.rsadvnet.it - - [27/Apr/1999:09:06:46 +0200] "GET /docs/tripoli_26499.html HTTP/1.1" 200 7216
pool137.rsadvnet.it - - [27/Apr/1999:09:06:48 +0200] "GET /docs/tripoli_26499-file/logo_new(3).gif HTTP/1.1" 200 2064
pool137.rsadvnet.it - - [27/Apr/1999:09:06:48 +0200] "GET /docs/tripoli_26499-file/rep_news_new.gif HTTP/1.1" 200 6371
pool137.rsadvnet.it - - [27/Apr/1999:09:06:51 +0200] "GET /docs/tripoli_26499-file/somedia.gif HTTP/1.1" 200 5305
pool137.rsadvnet.it - - [27/Apr/1999:09:06:51 +0200] "GET /docs/tripoli_26499-file/inedicola(1).gif HTTP/1.1" 200 739
pool137.rsadvnet.it - - [27/Apr/1999:09:06:53 +0200] "GET /docs/tripoli_26499-file/navigsx.gif HTTP/1.1" 200 5368
pool137.rsadvnet.it - - [27/Apr/1999:09:06:54 +0200] "GET /docs/tripoli_26499-file/inizio_new.gif HTTP/1.1" 200 751
gruyoman.columbusnet.it - - [27/Apr/1999:09:21:06 +0200] "GET / HTTP/1.1" 200 563
gruyoman.columbusnet.it - - [27/Apr/1999:09:21:06 +0200] "GET /riga.html HTTP/1.1" 200 154
gruyoman.columbusnet.it - - [27/Apr/1999:09:21:07 +0200] "GET /home.html HTTP/1.1" 200 4861
gruyoman.columbusnet.it - - [27/Apr/1999:09:21:09 +0200] "GET /menu.html HTTP/1.1" 200 1283
gruyoman.columbusnet.it - - [27/Apr/1999:09:21:59 +0200] "GET /nowar_fr.html HTTP/1.1" 200 11352
gruyoman.columbusnet.it - - [27/Apr/1999:09:22:03 +0200] "GET /docs/tripoli_26499.html HTTP/1.1" 200 7216
gruyoman.columbusnet.it - - [27/Apr/1999:09:22:03 +0200] "GET /docs/tripoli_26499-file/logo_new(3).gif HTTP/1.1" 200 2064
gruyoman.columbusnet.it - - [27/Apr/1999:09:22:03 +0200] "GET /docs/tripoli_26499-file/rep_news_new.gif HTTP/1.1" 200 6371
gruyoman.columbusnet.it - - [27/Apr/1999:09:22:03 +0200] "GET /docs/tripoli_26499-file/somedia.gif HTTP/1.1" 200 5305
gruyoman.columbusnet.it - - [27/Apr/1999:09:22:04 +0200] "GET /docs/tripoli_26499-file/inedicola(1).gif HTTP/1.1" 200 739
gruyoman.columbusnet.it - - [27/Apr/1999:09:22:04 +0200] "GET /docs/tripoli_26499-file/navigsx.gif HTTP/1.1" 200 5368
gruyoman.columbusnet.it - - [27/Apr/1999:09:22:04 +0200] "GET /docs/tripoli_26499-file/inizio_new.gif HTTP/1.1" 200 751
apollo.glamm.com - - [27/Apr/1999:09:35:43 +0200] "GET / HTTP/1.0" 200 563
apollo.glamm.com - - [27/Apr/1999:09:35:47 +0200] "GET /menu.html HTTP/1.0" 200 1283
apollo.glamm.com - - [27/Apr/1999:09:35:47 +0200] "GET /home.html HTTP/1.0" 200 4861
apollo.glamm.com - - [27/Apr/1999:09:35:47 +0200] "GET /riga.html HTTP/1.0" 200 154
apollo.glamm.com - - [27/Apr/1999:09:36:35 +0200] "GET /nowar_it.html HTTP/1.0" 200 11140
apollo.glamm.com - - [27/Apr/1999:09:36:56 +0200] "GET /24499.html HTTP/1.0" 200 7032
apollo.glamm.com - - [27/Apr/1999:09:37:00 +0200] "GET /pix/prima01.jpg HTTP/1.0" 200 16241
apollo.glamm.com - - [27/Apr/1999:09:37:00 +0200] "GET /pix/quasi01.jpg HTTP/1.0" 200 17421
apollo.glamm.com - - [27/Apr/1999:09:37:00 +0200] "GET /pix/davanti01.jpg HTTP/1.0" 200 19200
apollo.glamm.com - - [27/Apr/1999:09:37:00 +0200] "GET /pix/destra001.jpg HTTP/1.0" 200 16115
apollo.glamm.com - - [27/Apr/1999:09:37:06 +0200] "GET /pix/rai01.jpg HTTP/1.0" 200 16792
apollo.glamm.com - - [27/Apr/1999:09:37:09 +0200] "GET /pix/ragazza01.jpg HTTP/1.0" 200 15631
apollo.glamm.com - - [27/Apr/1999:09:37:41 +0200] "GET /docs/tripoli_26499.html HTTP/1.0" 200 7216
apollo.glamm.com - - [27/Apr/1999:09:37:42 +0200] "GET /docs/tripoli_26499-file/logo_new(3).gif HTTP/1.0" 200 2064
apollo.glamm.com - - [27/Apr/1999:09:37:43 +0200] "GET /docs/tripoli_26499-file/rep_news_new.gif HTTP/1.0" 200 6371
apollo.glamm.com - - [27/Apr/1999:09:37:43 +0200] "GET /docs/tripoli_26499-file/inedicola(1).gif HTTP/1.0" 200 739
apollo.glamm.com - - [27/Apr/1999:09:37:43 +0200] "GET /docs/tripoli_26499-file/somedia.gif HTTP/1.0" 200 5305
apollo.glamm.com - - [27/Apr/1999:09:37:43 +0200] "GET /docs/tripoli_26499-file/inizio_new.gif HTTP/1.0" 200 751
apollo.glamm.com - - [27/Apr/1999:09:37:44 +0200] "GET /docs/tripoli_26499-file/navigsx.gif HTTP/1.0" 200 5368
mailer.comune.ferrara.it - - [27/Apr/1999:09:39:31 +0200] "GET / HTTP/1.0" 200 563
mailer.comune.ferrara.it - - [27/Apr/1999:09:39:33 +0200] "GET /riga.html HTTP/1.0" 200 154
mailer.comune.ferrara.it - - [27/Apr/1999:09:39:34 +0200] "GET /menu.html HTTP/1.0" 200 1283
mailer.comune.ferrara.it - - [27/Apr/1999:09:39:34 +0200] "GET /home.html HTTP/1.0" 200 4861
mailer.comune.ferrara.it - - [27/Apr/1999:09:39:49 +0200] "GET /nowar_it.html HTTP/1.0" 200 11140
apollo.glamm.com - - [27/Apr/1999:09:43:19 +0200] "GET /pix/rai.html HTTP/1.0" 200 238
apollo.glamm.com - - [27/Apr/1999:09:43:28 +0200] "GET /pix/rai02.jpg HTTP/1.0" 200 75736
apollo.glamm.com - - [27/Apr/1999:09:44:31 +0200] "GET /pix/davanti.html HTTP/1.0" 200 242
apollo.glamm.com - - [27/Apr/1999:09:44:58 +0200] "GET /pix/davanti02.jpg HTTP/1.0" 200 63190
apollo.glamm.com - - [27/Apr/1999:09:45:46 +0200] "GET /name_it.txt HTTP/1.0" 200 3271
a-bg12-21.tin.it - - [27/Apr/1999:10:31:34 +0200] "GET / HTTP/1.1" 200 563
a-bg12-21.tin.it - - [27/Apr/1999:10:31:36 +0200] "GET /riga.html HTTP/1.1" 200 154
a-bg12-21.tin.it - - [27/Apr/1999:10:31:36 +0200] "GET /menu.html HTTP/1.1" 200 1283
a-bg12-21.tin.it - - [27/Apr/1999:10:31:36 +0200] "GET /home.html HTTP/1.1" 200 4861
a-bg12-21.tin.it - - [27/Apr/1999:10:31:58 +0200] "GET /nowar_it.html HTTP/1.1" 200 11140
a-tv4-31.tin.it - - [27/Apr/1999:10:43:01 +0200] "GET / HTTP/1.1" 200 563
a-tv4-31.tin.it - - [27/Apr/1999:10:43:01 +0200] "GET /menu.html HTTP/1.1" 200 1283
a-tv4-31.tin.it - - [27/Apr/1999:10:43:02 +0200] "GET /home.html HTTP/1.1" 200 4861
a-tv4-31.tin.it - - [27/Apr/1999:10:43:02 +0200] "GET /riga.html HTTP/1.1" 200 154
fe-d-08.4net.it - - [27/Apr/1999:10:46:00 +0200] "GET / HTTP/1.1" 304 -
fe-d-08.4net.it - - [27/Apr/1999:10:46:01 +0200] "GET /menu.html HTTP/1.1" 304 -
fe-d-08.4net.it - - [27/Apr/1999:10:46:01 +0200] "GET /menu.html HTTP/1.1" 304 -
fe-d-08.4net.it - - [27/Apr/1999:10:46:01 +0200] "GET /riga.html HTTP/1.1" 304 -
fe-d-08.4net.it - - [27/Apr/1999:10:46:01 +0200] "GET /home.html HTTP/1.1" 304 -
fe-d-08.4net.it - - [27/Apr/1999:10:47:54 +0200] "GET /nomorewar_access.log HTTP/1.1" 200 88480
ppp6.mediasat.it - - [27/Apr/1999:10:50:09 +0200] "GET / HTTP/1.1" 200 563
ppp6.mediasat.it - - [27/Apr/1999:10:50:24 +0200] "GET /menu.html HTTP/1.1" 200 1283
ppp6.mediasat.it - - [27/Apr/1999:10:50:29 +0200] "GET /home.html HTTP/1.1" 200 4861
ppp6.mediasat.it - - [27/Apr/1999:10:50:37 +0200] "GET /riga.html HTTP/1.1" 200 154
ppp6.mediasat.it - - [27/Apr/1999:10:53:21 +0200] "GET / HTTP/1.1" 200 563
ppp6.mediasat.it - - [27/Apr/1999:10:53:24 +0200] "GET /menu.html HTTP/1.1" 200 1283
ppp6.mediasat.it - - [27/Apr/1999:10:53:41 +0200] "GET /riga.html HTTP/1.1" 200 154
ppp6.mediasat.it - - [27/Apr/1999:10:53:48 +0200] "GET /home.html HTTP/1.1" 200 4861
ppp6.mediasat.it - - [27/Apr/1999:10:56:55 +0200] "GET /nowar_it.html HTTP/1.1" 200 11140
ppp6.mediasat.it - - [27/Apr/1999:10:57:22 +0200] "GET /nowar_en.html HTTP/1.1" 200 10254
ppp6.mediasat.it - - [27/Apr/1999:10:57:50 +0200] "GET /nowar_yu.html HTTP/1.1" 200 12573
ppp6.mediasat.it - - [27/Apr/1999:10:58:16 +0200] "GET /nowar_fr.html HTTP/1.1" 200 11352
ppp6.mediasat.it - - [27/Apr/1999:11:00:16 +0200] "GET /24499.html HTTP/1.1" 200 7032
ppp6.mediasat.it - - [27/Apr/1999:11:00:18 +0200] "GET /name_it.txt HTTP/1.1" 200 3271
ppp6.mediasat.it - - [27/Apr/1999:11:00:31 +0200] "GET /pix/quasi01.jpg HTTP/1.1" 200 17421
ppp6.mediasat.it - - [27/Apr/1999:11:00:31 +0200] "GET /pix/davanti01.jpg HTTP/1.1" 200 19200
ppp6.mediasat.it - - [27/Apr/1999:11:00:31 +0200] "GET /pix/destra001.jpg HTTP/1.1" 200 16115
ppp6.mediasat.it - - [27/Apr/1999:11:00:55 +0200] "GET /pix/prima01.jpg HTTP/1.1" 200 16241
ppp6.mediasat.it - - [27/Apr/1999:11:01:00 +0200] "GET /pix/ragazza01.jpg HTTP/1.1" 200 15631
ppp6.mediasat.it - - [27/Apr/1999:11:01:05 +0200] "GET /pix/rai01.jpg HTTP/1.1" 200 16792
sp22.sp2.cineca.it - - [27/Apr/1999:11:03:08 +0200] "GET / HTTP/1.0" 200 563
sp22.sp2.cineca.it - - [27/Apr/1999:11:03:23 +0200] "GET /home.html HTTP/1.0" 200 4861
sp22.sp2.cineca.it - - [27/Apr/1999:11:03:31 +0200] "GET /menu.html HTTP/1.0" 200 1283
ppp6.mediasat.it - - [27/Apr/1999:11:03:43 +0200] "GET /pix/prima.html HTTP/1.1" 200 240
ppp6.mediasat.it - - [27/Apr/1999:11:04:12 +0200] "GET /docs/tripoli_26499.html HTTP/1.1" 200 7216
ppp6.mediasat.it - - [27/Apr/1999:11:04:50 +0200] "GET /docs/tripoli_26499-file/logo_new(3).gif HTTP/1.1" 200 2064
ppp6.mediasat.it - - [27/Apr/1999:11:04:53 +0200] "GET /pix/prima02.jpg HTTP/1.1" 200 69864
ppp6.mediasat.it - - [27/Apr/1999:11:05:00 +0200] "GET /docs/tripoli_26499-file/rep_news_new.gif HTTP/1.1" 200 6371
ppp6.mediasat.it - - [27/Apr/1999:11:05:25 +0200] "GET /docs/tripoli_26499-file/somedia.gif HTTP/1.1" 200 5305
ppp6.mediasat.it - - [27/Apr/1999:11:05:31 +0200] "GET /docs/tripoli_26499-file/inedicola(1).gif HTTP/1.1" 200 739
sp22.sp2.cineca.it - - [27/Apr/1999:11:06:57 +0200] "GET /pix/prima01.jpg HTTP/1.0" 200 16241
sp22.sp2.cineca.it - - [27/Apr/1999:11:06:57 +0200] "GET /pix/quasi01.jpg HTTP/1.0" 200 17421
sp22.sp2.cineca.it - - [27/Apr/1999:11:09:39 +0200] "GET /pix/davanti01.jpg HTTP/1.0" 200 19200
sp22.sp2.cineca.it - - [27/Apr/1999:11:10:53 +0200] "GET /pix/davanti.html HTTP/1.0" 200 242
sp22.sp2.cineca.it - - [27/Apr/1999:11:10:54 +0200] "GET /pix/destra001.jpg HTTP/1.0" 200 16115
sp20.sp2.cineca.it - - [27/Apr/1999:11:12:02 +0200] "GET /pix/rai01.jpg HTTP/1.0" 200 16792
sp20.sp2.cineca.it - - [27/Apr/1999:11:12:03 +0200] "GET /pix/ragazza01.jpg HTTP/1.0" 200 15631
sp22.sp2.cineca.it - - [27/Apr/1999:11:14:56 +0200] "GET /pix/davanti02.jpg HTTP/1.0" 200 63190
sp20.sp2.cineca.it - - [27/Apr/1999:11:22:13 +0200] "GET /pix/quasi.html HTTP/1.0" 200 240
sp20.sp2.cineca.it - - [27/Apr/1999:11:25:09 +0200] "GET /pix/quasi02.jpg HTTP/1.0" 200 48100
ppp-pool52-79-10.iol.it - - [27/Apr/1999:12:14:36 +0200] "GET / HTTP/1.0" 200 563
ppp-pool52-79-10.iol.it - - [27/Apr/1999:12:14:41 +0200] "GET /riga.html HTTP/1.0" 200 154
ppp-pool52-79-10.iol.it - - [27/Apr/1999:12:14:41 +0200] "GET /home.html HTTP/1.0" 200 4861
ppp-pool52-79-10.iol.it - - [27/Apr/1999:12:14:45 +0200] "GET /menu.html HTTP/1.0" 200 1283
ppp-pool52-79-10.iol.it - - [27/Apr/1999:12:15:34 +0200] "GET /24499.html HTTP/1.0" 200 7032
ppp-pool52-79-10.iol.it - - [27/Apr/1999:12:15:37 +0200] "GET /pix/destra001.jpg HTTP/1.0" 200 16115
ppp-pool52-79-10.iol.it - - [27/Apr/1999:12:15:37 +0200] "GET /pix/davanti01.jpg HTTP/1.0" 200 19200
ppp-pool52-79-10.iol.it - - [27/Apr/1999:12:15:37 +0200] "GET /pix/prima01.jpg HTTP/1.0" 200 16241
ppp-pool52-79-10.iol.it - - [27/Apr/1999:12:15:37 +0200] "GET /pix/quasi01.jpg HTTP/1.0" 200 17421
ppp-pool52-79-10.iol.it - - [27/Apr/1999:12:15:51 +0200] "GET /pix/rai01.jpg HTTP/1.0" 200 16792
ppp-pool52-79-10.iol.it - - [27/Apr/1999:12:15:52 +0200] "GET /pix/ragazza01.jpg HTTP/1.0" 200 15631
fe-d-18.4net.it - - [27/Apr/1999:12:31:14 +0200] "GET /nomorewar_access.log HTTP/1.1" 200 93301
fe-d-18.4net.it - - [27/Apr/1999:12:33:28 +0200] "GET /menu.html HTTP/1.1" 304 -
fe-d-18.4net.it - - [27/Apr/1999:12:33:28 +0200] "GET /home.html HTTP/1.1" 304 -
to06xd.to.infn.it - - [27/Apr/1999:12:34:33 +0200] "GET / HTTP/1.0" 200 563
to06xd.to.infn.it - - [27/Apr/1999:12:34:37 +0200] "GET /riga.html HTTP/1.0" 200 154
to06xd.to.infn.it - - [27/Apr/1999:12:34:37 +0200] "GET /menu.html HTTP/1.0" 200 1283
to06xd.to.infn.it - - [27/Apr/1999:12:34:43 +0200] "GET /home.html HTTP/1.0" 200 4861
to06xd.to.infn.it - - [27/Apr/1999:12:35:52 +0200] "GET /nowar_it.html HTTP/1.0" 200 11140
lamp21.lamel.bo.cnr.it - - [27/Apr/1999:12:36:30 +0200] "GET / HTTP/1.0" 200 563
lamp21.lamel.bo.cnr.it - - [27/Apr/1999:12:36:34 +0200] "GET /riga.html HTTP/1.0" 200 154
lamp21.lamel.bo.cnr.it - - [27/Apr/1999:12:36:49 +0200] "GET /menu.html HTTP/1.0" 200 1283
lamp21.lamel.bo.cnr.it - - [27/Apr/1999:12:36:49 +0200] "GET /home.html HTTP/1.0" 200 4861
proxy.netbusiness.it - - [27/Apr/1999:12:44:58 +0200] "GET / HTTP/1.0" 304 -
proxy.netbusiness.it - - [27/Apr/1999:12:45:02 +0200] "GET /menu.html HTTP/1.0" 304 -
proxy.netbusiness.it - - [27/Apr/1999:12:45:02 +0200] "GET /riga.html HTTP/1.0" 304 -
proxy.netbusiness.it - - [27/Apr/1999:12:45:02 +0200] "GET /home.html HTTP/1.0" 304 -
proxy.netbusiness.it - - [27/Apr/1999:12:45:14 +0200] "GET /nowar_fr.html HTTP/1.0" 304 -
proxy.netbusiness.it - - [27/Apr/1999:12:47:05 +0200] "GET /nowar_yu.html HTTP/1.0" 304 -
proxy.netbusiness.it - - [27/Apr/1999:12:47:38 +0200] "GET /nowar_en.html HTTP/1.0" 304 -
195.120.251.116 - - [27/Apr/1999:12:59:55 +0200] "GET /home.html HTTP/1.1" 200 4861
fe-d-03.4net.it - - [27/Apr/1999:13:23:14 +0200] "GET / HTTP/1.1" 304 -
fe-d-03.4net.it - - [27/Apr/1999:13:23:14 +0200] "GET /menu.html HTTP/1.1" 304 -
fe-d-03.4net.it - - [27/Apr/1999:13:23:15 +0200] "GET /riga.html HTTP/1.1" 304 -
fe-d-03.4net.it - - [27/Apr/1999:13:23:15 +0200] "GET /home.html HTTP/1.1" 304 -
archimede.shineline.it - - [27/Apr/1999:13:30:15 +0200] "GET / HTTP/1.0" 200 563
archimede.shineline.it - - [27/Apr/1999:13:30:17 +0200] "GET /menu.html HTTP/1.0" 200 1283
archimede.shineline.it - - [27/Apr/1999:13:30:18 +0200] "GET /riga.html HTTP/1.0" 200 154
archimede.shineline.it - - [27/Apr/1999:13:30:18 +0200] "GET /home.html HTTP/1.0" 200 4861
archimede.shineline.it - - [27/Apr/1999:13:30:50 +0200] "GET /nowar_it.html HTTP/1.0" 200 11140
proxy.formula.it - - [27/Apr/1999:14:32:23 +0200] "GET / HTTP/1.0" 200 563
proxy.formula.it - - [27/Apr/1999:14:32:26 +0200] "GET /menu.html HTTP/1.0" 200 1283
proxy.formula.it - - [27/Apr/1999:14:32:29 +0200] "GET /riga.html HTTP/1.0" 200 154
proxy.formula.it - - [27/Apr/1999:14:32:32 +0200] "GET /home.html HTTP/1.0" 200 4861
ppp-piacenza84-195.iol.it - - [27/Apr/1999:15:02:48 +0200] "GET /home.html HTTP/1.0" 200 4861
ppp-piacenza84-195.iol.it - - [27/Apr/1999:15:03:25 +0200] "GET /nowar_it.html HTTP/1.0" 200 11140
proxy.formula.it - - [27/Apr/1999:16:19:51 +0200] "GET / HTTP/1.0" 200 563
proxy.formula.it - - [27/Apr/1999:16:19:52 +0200] "GET /riga.html HTTP/1.0" 302 191
proxy.formula.it - - [27/Apr/1999:16:19:52 +0200] "GET /home.html HTTP/1.0" 302 191
proxy.formula.it - - [27/Apr/1999:16:19:54 +0200] "GET /menu.html HTTP/1.0" 302 191
a-fe7-5.tin.it - - [27/Apr/1999:16:24:10 +0200] "GET / HTTP/1.1" 200 563
a-fe7-5.tin.it - - [27/Apr/1999:16:24:13 +0200] "GET /menu.html HTTP/1.1" 302 203
a-fe7-5.tin.it - - [27/Apr/1999:16:24:19 +0200] "GET /home.html HTTP/1.1" 302 203
a-fe7-5.tin.it - - [27/Apr/1999:16:24:19 +0200] "GET /riga.html HTTP/1.1" 302 203
proxy.formula.it - - [27/Apr/1999:16:30:36 +0200] "GET / HTTP/1.0" 304 -
proxy.formula.it - - [27/Apr/1999:16:30:37 +0200] "GET /riga.html HTTP/1.0" 302 191
proxy.formula.it - - [27/Apr/1999:16:30:41 +0200] "GET /menu.html HTTP/1.0" 302 191
proxy.formula.it - - [27/Apr/1999:16:30:45 +0200] "GET /home.html HTTP/1.0" 302 191
a-fe7-5.tin.it - - [27/Apr/1999:16:37:35 +0200] "GET / HTTP/1.1" 200 790
a-fe7-5.tin.it - - [27/Apr/1999:16:37:38 +0200] "GET /icons/blank.gif HTTP/1.1" 200 148
a-fe7-5.tin.it - - [27/Apr/1999:16:37:40 +0200] "GET /icons/back.gif HTTP/1.1" 200 216
a-fe7-5.tin.it - - [27/Apr/1999:16:37:40 +0200] "GET /icons/folder.gif HTTP/1.1" 200 225
a-fe7-5.tin.it - - [27/Apr/1999:16:37:43 +0200] "GET /icons/unknown.gif HTTP/1.1" 200 245
